#
# There is insufficient memory for the Java Runtime Environment to continue.
# Native memory allocation (malloc) failed to allocate 385136 bytes for Chunk::new
# Possible reasons:
#   The system is out of physical RAM or swap space
#   In 32 bit mode, the process size limit was hit
# Possible solutions:
#   Reduce memory load on the system
#   Increase physical memory or swap space
#   Check if swap backing store is full
#   Use 64 bit Java on a 64 bit OS
#   Decrease Java heap size (-Xmx/-Xms)
#   Decrease number of Java threads
#   Decrease Java thread stack sizes (-Xss)
#   Set larger code cache with -XX:ReservedCodeCacheSize=
# This output file may be truncated or incomplete.
#
#  Out of Memory Error (allocation.cpp:390), pid=7036, tid=0x0000000000000af4
#
# JRE version: Java(TM) SE Runtime Environment (8.0_131-b11) (build 1.8.0_131-b11)
# Java VM: Java HotSpot(TM) 64-Bit Server VM (25.131-b11 mixed mode windows-amd64 compressed oops)
# Failed to write core dump. Minidumps are not enabled by default on client versions of Windows
#

---------------  T H R E A D  ---------------

Current thread (0x0000000017f52000):  JavaThread "C2 CompilerThread1" daemon [_thread_in_native, id=2804, stack(0x00000000196b0000,0x00000000197b0000)]

Stack: [0x00000000196b0000,0x00000000197b0000]
[error occurred during error reporting (printing stack bounds), id 0xc0000005]

Native frames: (J=compiled Java code, j=interpreted, Vv=VM code, C=native code)


Current CompileTask:
C2:   5139 1420   !   4       java.net.URLClassLoader$1::run (63 bytes)


---------------  P R O C E S S  ---------------

Java Threads: ( => current thread )
  0x000000001b0bc800 JavaThread "Cache worker for journal cache (C:\Users\shayan\.gradle\caches\journal-1)" [_thread_blocked, id=1832, stack(0x000000001cb00000,0x000000001cc00000)]
  0x000000001b0c1000 JavaThread "File lock request listener" [_thread_in_native, id=6696, stack(0x000000001ca00000,0x000000001cb00000)]
  0x000000001b0c0000 JavaThread "Cache worker for file hash cache (C:\Users\shayan\.gradle\caches\5.4.1\fileHashes)" [_thread_blocked, id=11276, stack(0x000000001c900000,0x000000001ca00000)]
  0x000000001ab0d000 JavaThread "Thread-9" [_thread_blocked, id=11728, stack(0x000000001c800000,0x000000001c900000)]
  0x000000001ab0f800 JavaThread "Stdin handler" [_thread_blocked, id=12080, stack(0x000000001c700000,0x000000001c800000)]
  0x000000001b03b800 JavaThread "Asynchronous log dispatcher for DefaultDaemonConnection: socket connection from /127.0.0.1:55876 to /127.0.0.1:55877" [_thread_blocked, id=4080, stack(0x000000001c600000,0x000000001c700000)]
  0x000000001ab15800 JavaThread "Daemon worker" [_thread_in_vm, id=11348, stack(0x000000001c500000,0x000000001c600000)]
  0x000000001b041000 JavaThread "Cancel handler" [_thread_blocked, id=11536, stack(0x000000001c400000,0x000000001c500000)]
  0x000000001b06e000 JavaThread "Handler for socket connection from /127.0.0.1:55876 to /127.0.0.1:55877" [_thread_in_native, id=3800, stack(0x000000001c100000,0x000000001c200000)]
  0x000000001b06d800 JavaThread "Daemon" [_thread_blocked, id=6244, stack(0x000000001c000000,0x000000001c100000)]
  0x000000001b05a000 JavaThread "Daemon periodic checks" [_thread_blocked, id=8284, stack(0x000000001bf00000,0x000000001c000000)]
  0x000000001ab97000 JavaThread "Incoming local TCP Connector on port 55876" [_thread_in_native, id=9156, stack(0x000000001bcc0000,0x000000001bdc0000)]
  0x000000001aa1b800 JavaThread "Daemon health stats" [_thread_blocked, id=7204, stack(0x000000001b680000,0x000000001b780000)]
  0x00000000198d8800 JavaThread "Service Thread" daemon [_thread_blocked, id=2840, stack(0x0000000019cb0000,0x0000000019db0000)]
  0x0000000017f53000 JavaThread "C1 CompilerThread2" daemon [_thread_blocked, id=11740, stack(0x00000000197b0000,0x00000000198b0000)]
=>0x0000000017f52000 JavaThread "C2 CompilerThread1" daemon [_thread_in_native, id=2804, stack(0x00000000196b0000,0x00000000197b0000)]
  0x0000000017f4a000 JavaThread "C2 CompilerThread0" daemon [_thread_in_native, id=1192, stack(0x00000000195b0000,0x00000000196b0000)]
  0x0000000017f56000 JavaThread "Attach Listener" daemon [_thread_blocked, id=8324, stack(0x00000000194b0000,0x00000000195b0000)]
  0x0000000017f55000 JavaThread "Signal Dispatcher" daemon [_thread_blocked, id=3264, stack(0x00000000193b0000,0x00000000194b0000)]
  0x0000000017f3a800 JavaThread "Finalizer" daemon [_thread_blocked, id=11464, stack(0x00000000191b0000,0x00000000192b0000)]
  0x000000000331f000 JavaThread "Reference Handler" daemon [_thread_blocked, id=9684, stack(0x00000000190b0000,0x00000000191b0000)]
  0x000000000312d800 JavaThread "main" [_thread_blocked, id=3352, stack(0x0000000003130000,0x0000000003230000)]

Other Threads:
  0x0000000017f18000 VMThread [stack: 0x0000000018fb0000,0x00000000190b0000] [id=2068]
  0x00000000198f3000 WatcherThread [stack: 0x0000000019db0000,0x0000000019eb0000] [id=11436]

VM state:not at safepoint (normal execution)

VM Mutex/Monitor currently owned by a thread: None

Heap:
 PSYoungGen      total 38400K, used 35524K [0x00000000d5580000, 0x00000000d8000000, 0x0000000100000000)
  eden space 33280K, 91% used [0x00000000d5580000,0x00000000d7336d60,0x00000000d7600000)
  from space 5120K, 99% used [0x00000000d7600000,0x00000000d7afa630,0x00000000d7b00000)
  to   space 5120K, 0% used [0x00000000d7b00000,0x00000000d7b00000,0x00000000d8000000)
 ParOldGen       total 87552K, used 1924K [0x0000000080000000, 0x0000000085580000, 0x00000000d5580000)
  object space 87552K, 2% used [0x0000000080000000,0x00000000801e1180,0x0000000085580000)
 Metaspace       used 15967K, capacity 16400K, committed 16640K, reserved 1062912K
  class space    used 2343K, capacity 2488K, committed 2560K, reserved 1048576K

Card table byte_map: [0x00000000126f0000,0x0000000012b00000] byte_map_base: 0x00000000122f0000

Marking Bits: (ParMarkBitMap*) 0x00000000579ec720
 Begin Bits: [0x00000000131b0000, 0x00000000151b0000)
 End Bits:   [0x00000000151b0000, 0x00000000171b0000)

Polling page: 0x0000000003010000

CodeCache: size=245760Kb used=5100Kb max_used=5100Kb free=240659Kb
 bounds [0x0000000003330000, 0x0000000003830000, 0x0000000012330000]
 total_blobs=1877 nmethods=1489 adapters=301
 compilation: enabled

Compilation events (10 events):
Event: 5.115 Thread 0x0000000017f53000 1491       3       sun.misc.ProxyGenerator::codeLocalLoadStore (90 bytes)
Event: 5.117 Thread 0x0000000017f53000 nmethod 1491 0x0000000003828b90 code [0x0000000003828de0, 0x0000000003829f08]
Event: 5.122 Thread 0x0000000017f53000 1492       3       java.lang.Class::forName (53 bytes)
Event: 5.123 Thread 0x0000000017f53000 nmethod 1492 0x000000000382a590 code [0x000000000382a740, 0x000000000382ade8]
Event: 5.124 Thread 0x0000000017f53000 1493       3       sun.misc.ProxyGenerator$ConstantPool::getMethodRef (33 bytes)
Event: 5.125 Thread 0x0000000017f53000 nmethod 1493 0x000000000382b010 code [0x000000000382b2a0, 0x000000000382c048]
Event: 5.125 Thread 0x0000000017f53000 1494       3       sun.misc.ProxyGenerator::access$900 (5 bytes)
Event: 5.126 Thread 0x0000000017f53000 nmethod 1494 0x000000000382cb50 code [0x000000000382ccc0, 0x000000000382cf28]
Event: 5.128 Thread 0x0000000017f53000 1495       1       com.google.common.collect.RegularImmutableList::size (5 bytes)
Event: 5.128 Thread 0x0000000017f53000 nmethod 1495 0x000000000382d010 code [0x000000000382d160, 0x000000000382d270]

GC Heap History (6 events):
Event: 1.518 GC heap before
{Heap before GC invocations=1 (full 0):
 PSYoungGen      total 38400K, used 33280K [0x00000000d5580000, 0x00000000d8000000, 0x0000000100000000)
  eden space 33280K, 100% used [0x00000000d5580000,0x00000000d7600000,0x00000000d7600000)
  from space 5120K, 0% used [0x00000000d7b00000,0x00000000d7b00000,0x00000000d8000000)
  to   space 5120K, 0% used [0x00000000d7600000,0x00000000d7600000,0x00000000d7b00000)
 ParOldGen       total 87552K, used 0K [0x0000000080000000, 0x0000000085580000, 0x00000000d5580000)
  object space 87552K, 0% used [0x0000000080000000,0x0000000080000000,0x0000000085580000)
 Metaspace       used 6904K, capacity 7086K, committed 7424K, reserved 1056768K
  class space    used 872K, capacity 939K, committed 1024K, reserved 1048576K
Event: 1.530 GC heap after
Heap after GC invocations=1 (full 0):
 PSYoungGen      total 38400K, used 4242K [0x00000000d5580000, 0x00000000d8000000, 0x0000000100000000)
  eden space 33280K, 0% used [0x00000000d5580000,0x00000000d5580000,0x00000000d7600000)
  from space 5120K, 82% used [0x00000000d7600000,0x00000000d7a24b08,0x00000000d7b00000)
  to   space 5120K, 0% used [0x00000000d7b00000,0x00000000d7b00000,0x00000000d8000000)
 ParOldGen       total 87552K, used 8K [0x0000000080000000, 0x0000000085580000, 0x00000000d5580000)
  object space 87552K, 0% used [0x0000000080000000,0x0000000080002000,0x0000000085580000)
 Metaspace       used 6904K, capacity 7086K, committed 7424K, reserved 1056768K
  class space    used 872K, capacity 939K, committed 1024K, reserved 1048576K
}
Event: 2.441 GC heap before
{Heap before GC invocations=2 (full 0):
 PSYoungGen      total 38400K, used 37522K [0x00000000d5580000, 0x00000000d8000000, 0x0000000100000000)
  eden space 33280K, 100% used [0x00000000d5580000,0x00000000d7600000,0x00000000d7600000)
  from space 5120K, 82% used [0x00000000d7600000,0x00000000d7a24b08,0x00000000d7b00000)
  to   space 5120K, 0% used [0x00000000d7b00000,0x00000000d7b00000,0x00000000d8000000)
 ParOldGen       total 87552K, used 8K [0x0000000080000000, 0x0000000085580000, 0x00000000d5580000)
  object space 87552K, 0% used [0x0000000080000000,0x0000000080002000,0x0000000085580000)
 Metaspace       used 8932K, capacity 9180K, committed 9344K, reserved 1056768K
  class space    used 1203K, capacity 1292K, committed 1408K, reserved 1048576K
Event: 2.448 GC heap after
Heap after GC invocations=2 (full 0):
 PSYoungGen      total 38400K, used 4493K [0x00000000d5580000, 0x00000000d8000000, 0x0000000100000000)
  eden space 33280K, 0% used [0x00000000d5580000,0x00000000d5580000,0x00000000d7600000)
  from space 5120K, 87% used [0x00000000d7b00000,0x00000000d7f637a0,0x00000000d8000000)
  to   space 5120K, 0% used [0x00000000d7600000,0x00000000d7600000,0x00000000d7b00000)
 ParOldGen       total 87552K, used 16K [0x0000000080000000, 0x0000000085580000, 0x00000000d5580000)
  object space 87552K, 0% used [0x0000000080000000,0x0000000080004000,0x0000000085580000)
 Metaspace       used 8932K, capacity 9180K, committed 9344K, reserved 1056768K
  class space    used 1203K, capacity 1292K, committed 1408K, reserved 1048576K
}
Event: 4.304 GC heap before
{Heap before GC invocations=3 (full 0):
 PSYoungGen      total 38400K, used 37773K [0x00000000d5580000, 0x00000000d8000000, 0x0000000100000000)
  eden space 33280K, 100% used [0x00000000d5580000,0x00000000d7600000,0x00000000d7600000)
  from space 5120K, 87% used [0x00000000d7b00000,0x00000000d7f637a0,0x00000000d8000000)
  to   space 5120K, 0% used [0x00000000d7600000,0x00000000d7600000,0x00000000d7b00000)
 ParOldGen       total 87552K, used 16K [0x0000000080000000, 0x0000000085580000, 0x00000000d5580000)
  object space 87552K, 0% used [0x0000000080000000,0x0000000080004000,0x0000000085580000)
 Metaspace       used 13431K, capacity 13920K, committed 14208K, reserved 1060864K
  class space    used 1911K, capacity 2062K, committed 2176K, reserved 1048576K
Event: 4.319 GC heap after
Heap after GC invocations=3 (full 0):
 PSYoungGen      total 38400K, used 5097K [0x00000000d5580000, 0x00000000d8000000, 0x0000000100000000)
  eden space 33280K, 0% used [0x00000000d5580000,0x00000000d5580000,0x00000000d7600000)
  from space 5120K, 99% used [0x00000000d7600000,0x00000000d7afa630,0x00000000d7b00000)
  to   space 5120K, 0% used [0x00000000d7b00000,0x00000000d7b00000,0x00000000d8000000)
 ParOldGen       total 87552K, used 1924K [0x0000000080000000, 0x0000000085580000, 0x00000000d5580000)
  object space 87552K, 2% used [0x0000000080000000,0x00000000801e1180,0x0000000085580000)
 Metaspace       used 13431K, capacity 13920K, committed 14208K, reserved 1060864K
  class space    used 1911K, capacity 2062K, committed 2176K, reserved 1048576K
}

Deoptimization events (10 events):
Event: 2.843 Thread 0x000000000312d800 Uncommon trap: reason=unstable_if action=reinterpret pc=0x00000000036656b8 method=java.io.WinNTFileSystem.normalize(Ljava/lang/String;II)Ljava/lang/String; @ 90
Event: 3.618 Thread 0x000000001b06e000 Uncommon trap: reason=unstable_if action=reinterpret pc=0x00000000036cdff0 method=java.util.concurrent.ConcurrentHashMap.putVal(Ljava/lang/Object;Ljava/lang/Object;Z)Ljava/lang/Object; @ 206
Event: 3.737 Thread 0x000000001ab15800 Uncommon trap: reason=bimorphic action=maybe_recompile pc=0x00000000035b5f24 method=java.util.HashMap.putVal(ILjava/lang/Object;Ljava/lang/Object;ZZ)Ljava/lang/Object; @ 253
Event: 3.738 Thread 0x000000001ab15800 Uncommon trap: reason=bimorphic action=maybe_recompile pc=0x00000000035b5f24 method=java.util.HashMap.putVal(ILjava/lang/Object;Ljava/lang/Object;ZZ)Ljava/lang/Object; @ 253
Event: 3.738 Thread 0x000000001ab15800 Uncommon trap: reason=bimorphic action=maybe_recompile pc=0x00000000035b5f24 method=java.util.HashMap.putVal(ILjava/lang/Object;Ljava/lang/Object;ZZ)Ljava/lang/Object; @ 253
Event: 4.263 Thread 0x000000001ab15800 Uncommon trap: reason=class_check action=maybe_recompile pc=0x00000000035f8318 method=java.util.regex.Matcher.match(II)Z @ 86
Event: 4.321 Thread 0x000000001ab15800 Uncommon trap: reason=class_check action=maybe_recompile pc=0x00000000035f8318 method=java.util.regex.Matcher.match(II)Z @ 86
Event: 4.321 Thread 0x000000001ab15800 Uncommon trap: reason=class_check action=maybe_recompile pc=0x00000000035f8318 method=java.util.regex.Matcher.match(II)Z @ 86
Event: 4.322 Thread 0x000000001ab15800 Uncommon trap: reason=class_check action=maybe_recompile pc=0x00000000035bbbdc method=java.util.regex.Matcher.match(II)Z @ 86
Event: 4.680 Thread 0x000000001ab15800 Uncommon trap: reason=unstable_if action=reinterpret pc=0x00000000036c3874 method=java.lang.String.lastIndexOf([CII[CIII)I @ 66

Internal exceptions (10 events):
Event: 3.621 Thread 0x000000001b06e000 Exception <a 'java/lang/NoSuchMethodError': <clinit>> (0x00000000d5ebada0) thrown at [C:\re\workspace\8-2-build-windows-amd64-cygwin\jdk8u131\8869\hotspot\src\share\vm\prims\jni.cpp, line 1613]
Event: 3.626 Thread 0x000000001b06e000 Exception <a 'java/lang/NoSuchMethodError': <clinit>> (0x00000000d5ecfa70) thrown at [C:\re\workspace\8-2-build-windows-amd64-cygwin\jdk8u131\8869\hotspot\src\share\vm\prims\jni.cpp, line 1613]
Event: 3.630 Thread 0x000000001b06e000 Exception <a 'java/lang/NoSuchMethodError': <clinit>> (0x00000000d5ee29f0) thrown at [C:\re\workspace\8-2-build-windows-amd64-cygwin\jdk8u131\8869\hotspot\src\share\vm\prims\jni.cpp, line 1613]
Event: 3.636 Thread 0x000000001b06e000 Exception <a 'java/lang/NoSuchMethodError': <clinit>> (0x00000000d5f097b0) thrown at [C:\re\workspace\8-2-build-windows-amd64-cygwin\jdk8u131\8869\hotspot\src\share\vm\prims\jni.cpp, line 1613]
Event: 3.639 Thread 0x000000001b06e000 Exception <a 'java/lang/NoSuchMethodError': <clinit>> (0x00000000d5f213a8) thrown at [C:\re\workspace\8-2-build-windows-amd64-cygwin\jdk8u131\8869\hotspot\src\share\vm\prims\jni.cpp, line 1613]
Event: 3.640 Thread 0x000000001b06e000 Exception <a 'java/lang/NoSuchMethodError': <clinit>> (0x00000000d5f29e70) thrown at [C:\re\workspace\8-2-build-windows-amd64-cygwin\jdk8u131\8869\hotspot\src\share\vm\prims\jni.cpp, line 1613]
Event: 3.643 Thread 0x000000001b06e000 Exception <a 'java/lang/NoSuchMethodError': <clinit>> (0x00000000d5f40080) thrown at [C:\re\workspace\8-2-build-windows-amd64-cygwin\jdk8u131\8869\hotspot\src\share\vm\prims\jni.cpp, line 1613]
Event: 3.660 Thread 0x000000001b06e000 Exception <a 'java/lang/NoSuchMethodError': <clinit>> (0x00000000d5fa68e8) thrown at [C:\re\workspace\8-2-build-windows-amd64-cygwin\jdk8u131\8869\hotspot\src\share\vm\prims\jni.cpp, line 1613]
Event: 3.668 Thread 0x000000001b06e000 Exception <a 'java/lang/NoSuchMethodError': <clinit>> (0x00000000d5fd29f0) thrown at [C:\re\workspace\8-2-build-windows-amd64-cygwin\jdk8u131\8869\hotspot\src\share\vm\prims\jni.cpp, line 1613]
Event: 3.673 Thread 0x000000001b06e000 Exception <a 'java/lang/NoSuchMethodError': <clinit>> (0x00000000d5fef3b8) thrown at [C:\re\workspace\8-2-build-windows-amd64-cygwin\jdk8u131\8869\hotspot\src\share\vm\prims\jni.cpp, line 1613]

Events (10 events):
Event: 5.129 loading class org/gradle/api/provider/MapProperty
Event: 5.129 loading class org/gradle/api/provider/MapProperty done
Event: 5.130 loading class groovy/lang/Closure
Event: 5.130 loading class groovy/lang/Closure done
Event: 5.133 loading class groovy/lang/GroovyCallable
Event: 5.133 loading class groovy/lang/GroovyCallable done
Event: 5.135 loading class groovy/lang/GroovyObjectSupport
Event: 5.135 loading class groovy/lang/GroovyObjectSupport done
Event: 5.136 loading class org/gradle/internal/MutableActionSet
Event: 5.136 loading class org/gradle/internal/MutableActionSet done


Dynamic libraries:
0x00007ff785bf0000 - 0x00007ff785c27000 	C:\Program Files\Java\jdk1.8.0_131\bin\java.exe
0x00007ff8b3760000 - 0x00007ff8b3950000 	C:\WINDOWS\SYSTEM32\ntdll.dll
0x00007ff8b33f0000 - 0x00007ff8b34a2000 	C:\WINDOWS\System32\KERNEL32.DLL
0x00007ff8b0cc0000 - 0x00007ff8b0f63000 	C:\WINDOWS\System32\KERNELBASE.dll
0x00007ff8b1890000 - 0x00007ff8b1933000 	C:\WINDOWS\System32\ADVAPI32.dll
0x00007ff8b19c0000 - 0x00007ff8b1a5e000 	C:\WINDOWS\System32\msvcrt.dll
0x00007ff8b1ea0000 - 0x00007ff8b1f37000 	C:\WINDOWS\System32\sechost.dll
0x00007ff8b1a90000 - 0x00007ff8b1bb0000 	C:\WINDOWS\System32\RPCRT4.dll
0x00007ff8b2210000 - 0x00007ff8b23a4000 	C:\WINDOWS\System32\USER32.dll
0x00007ff8b0720000 - 0x00007ff8b0741000 	C:\WINDOWS\System32\win32u.dll
0x00007ff8b1a60000 - 0x00007ff8b1a86000 	C:\WINDOWS\System32\GDI32.dll
0x00007ff8b0b20000 - 0x00007ff8b0cb4000 	C:\WINDOWS\System32\gdi32full.dll
0x00007ff8b0930000 - 0x00007ff8b09ce000 	C:\WINDOWS\System32\msvcp_win.dll
0x00007ff8b07d0000 - 0x00007ff8b08ca000 	C:\WINDOWS\System32\ucrtbase.dll
0x00007ff8a3fa0000 - 0x00007ff8a4225000 	C:\WINDOWS\WinSxS\amd64_microsoft.windows.common-controls_6595b64144ccf1df_6.0.18362.476_none_e6c4b11b130f2595\COMCTL32.dll
0x00007ff8b23b0000 - 0x00007ff8b26e6000 	C:\WINDOWS\System32\combase.dll
0x00007ff8b0750000 - 0x00007ff8b07d0000 	C:\WINDOWS\System32\bcryptPrimitives.dll
0x00007ff8b1be0000 - 0x00007ff8b1c0e000 	C:\WINDOWS\System32\IMM32.DLL
0x0000000057a70000 - 0x0000000057b42000 	C:\Program Files\Java\jdk1.8.0_131\jre\bin\msvcr100.dll
0x00000000571d0000 - 0x0000000057a6c000 	C:\Program Files\Java\jdk1.8.0_131\jre\bin\server\jvm.dll
0x00007ff8b1bd0000 - 0x00007ff8b1bd8000 	C:\WINDOWS\System32\PSAPI.DLL
0x00007ff8ae230000 - 0x00007ff8ae254000 	C:\WINDOWS\SYSTEM32\WINMM.dll
0x00007ff8a4d90000 - 0x00007ff8a4d9a000 	C:\WINDOWS\SYSTEM32\VERSION.dll
0x00007ff8a4b30000 - 0x00007ff8a4b39000 	C:\WINDOWS\SYSTEM32\WSOCK32.dll
0x00007ff8ae200000 - 0x00007ff8ae22d000 	C:\WINDOWS\SYSTEM32\winmmbase.dll
0x00007ff8b34c0000 - 0x00007ff8b352f000 	C:\WINDOWS\System32\WS2_32.dll
0x00007ff8b0f90000 - 0x00007ff8b0fda000 	C:\WINDOWS\System32\cfgmgr32.dll
0x00000000571c0000 - 0x00000000571cf000 	C:\Program Files\Java\jdk1.8.0_131\jre\bin\verify.dll
0x0000000057190000 - 0x00000000571b9000 	C:\Program Files\Java\jdk1.8.0_131\jre\bin\java.dll
0x0000000057170000 - 0x0000000057186000 	C:\Program Files\Java\jdk1.8.0_131\jre\bin\zip.dll
0x00007ff8b2830000 - 0x00007ff8b2f15000 	C:\WINDOWS\System32\SHELL32.dll
0x00007ff8b2160000 - 0x00007ff8b2209000 	C:\WINDOWS\System32\shcore.dll
0x00007ff8b1090000 - 0x00007ff8b180e000 	C:\WINDOWS\System32\windows.storage.dll
0x00007ff8b06d0000 - 0x00007ff8b06ef000 	C:\WINDOWS\System32\profapi.dll
0x00007ff8b0660000 - 0x00007ff8b06aa000 	C:\WINDOWS\System32\powrprof.dll
0x00007ff8b0630000 - 0x00007ff8b0640000 	C:\WINDOWS\System32\UMPDC.dll
0x00007ff8b1c10000 - 0x00007ff8b1c62000 	C:\WINDOWS\System32\shlwapi.dll
0x00007ff8b0640000 - 0x00007ff8b0651000 	C:\WINDOWS\System32\kernel.appcore.dll
0x00007ff8b0f70000 - 0x00007ff8b0f87000 	C:\WINDOWS\System32\cryptsp.dll
0x0000000057150000 - 0x000000005716a000 	C:\Program Files\Java\jdk1.8.0_131\jre\bin\net.dll
0x00007ff8afe40000 - 0x00007ff8afea7000 	C:\WINDOWS\system32\mswsock.dll
0x0000000057130000 - 0x0000000057141000 	C:\Program Files\Java\jdk1.8.0_131\jre\bin\nio.dll
0x00007ff89b050000 - 0x00007ff89b076000 	C:\Users\shayan\.gradle\native\29\windows-amd64\native-platform.dll
0x0000000057120000 - 0x000000005712d000 	C:\Program Files\Java\jdk1.8.0_131\jre\bin\management.dll
0x00007ff8af9b0000 - 0x00007ff8af9e3000 	C:\WINDOWS\system32\rsaenh.dll
0x00007ff8b06f0000 - 0x00007ff8b0716000 	C:\WINDOWS\System32\bcrypt.dll
0x00007ff8b0520000 - 0x00007ff8b0545000 	C:\WINDOWS\SYSTEM32\USERENV.dll
0x00007ff8b0010000 - 0x00007ff8b001c000 	C:\WINDOWS\SYSTEM32\CRYPTBASE.dll
0x00007ff8afb50000 - 0x00007ff8afb8a000 	C:\WINDOWS\SYSTEM32\IPHLPAPI.DLL
0x00007ff8b34b0000 - 0x00007ff8b34b8000 	C:\WINDOWS\System32\NSI.dll
0x00007ff8a67b0000 - 0x00007ff8a67c6000 	C:\WINDOWS\SYSTEM32\dhcpcsvc6.DLL
0x00007ff8a69c0000 - 0x00007ff8a69dc000 	C:\WINDOWS\SYSTEM32\dhcpcsvc.DLL
0x00007ff8afb90000 - 0x00007ff8afc5a000 	C:\WINDOWS\SYSTEM32\DNSAPI.dll

VM Arguments:
jvm_args: -Xmx2048m -Dfile.encoding=windows-1252 -Duser.country=IN -Duser.language=en -Duser.variant 
java_command: org.gradle.launcher.daemon.bootstrap.GradleDaemon 5.4.1
java_class_path (initial): C:\Users\shayan\.gradle\wrapper\dists\gradle-5.4.1-all\3221gyojl5jsh0helicew7rwx\gradle-5.4.1\lib\gradle-launcher-5.4.1.jar
Launcher Type: SUN_STANDARD

Environment Variables:
JAVA_HOME=C:\Program Files\Java\jdk1.8.0_131
PATH=C:\ProgramData\Oracle\Java\javapath;C:\WINDOWS\system32;C:\WINDOWS;C:\WINDOWS\System32\Wbem;C:\WINDOWS\System32\WindowsPowerShell\v1.0\;C:\Users\shayan\Downloads\Compressed\apache-maven-3.5.2-bin\bin;C:\Program Files\PuTTY\;C:\Program Files\Git\cmd;C:\WINDOWS\System32\OpenSSH\;C:\Program Files\Microsoft VS Code\bin;C:\Program Files\nodejs\;C:\Program Files (x86)\Skype\Phone\;C:\Users\shayan\AppData\Local\Microsoft\WindowsApps;C:\Program Files\Microsoft VS Code\bin;C:\Users\shayan\AppData\Roaming\npm;
USERNAME=shayan
OS=Windows_NT
PROCESSOR_IDENTIFIER=Intel64 Family 6 Model 61 Stepping 4, GenuineIntel



---------------  S Y S T E M  ---------------

OS: Windows 10.0 , 64 bit Build 18362 (10.0.18362.329)

CPU:total 4 (initial active 4) (2 cores per cpu, 2 threads per core) family 6 model 61 stepping 4, cmov, cx8, fxsr, mmx, sse, sse2, sse3, ssse3, sse4.1, sse4.2, popcnt, avx, avx2, aes, clmul, erms, 3dnowpref, lzcnt, ht, tsc, tscinvbit, bmi1, bmi2, adx

Memory: 4k page, physical 8297884k(716192k free), swap 10755484k(5144k free)

vm_info: Java HotSpot(TM) 64-Bit Server VM (25.131-b11) for windows-amd64 JRE (1.8.0_131-b11), built on Mar 15 2017 01:23:53 by "java_re" with MS VC++ 10.0 (VS2010)

time: Sat Nov 30 19:32:00 2019
elapsed time: 5 seconds (0d 0h 0m 5s)

