#
# There is insufficient memory for the Java Runtime Environment to continue.
# Native memory allocation (malloc) failed to allocate 1355552 bytes for Chunk::new
# Possible reasons:
#   The system is out of physical RAM or swap space
#   In 32 bit mode, the process size limit was hit
# Possible solutions:
#   Reduce memory load on the system
#   Increase physical memory or swap space
#   Check if swap backing store is full
#   Use 64 bit Java on a 64 bit OS
#   Decrease Java heap size (-Xmx/-Xms)
#   Decrease number of Java threads
#   Decrease Java thread stack sizes (-Xss)
#   Set larger code cache with -XX:ReservedCodeCacheSize=
# This output file may be truncated or incomplete.
#
#  Out of Memory Error (allocation.cpp:390), pid=6572, tid=0x000000000000274c
#
# JRE version: Java(TM) SE Runtime Environment (8.0_131-b11) (build 1.8.0_131-b11)
# Java VM: Java HotSpot(TM) 64-Bit Server VM (25.131-b11 mixed mode windows-amd64 compressed oops)
# Failed to write core dump. Minidumps are not enabled by default on client versions of Windows
#

---------------  T H R E A D  ---------------

Current thread (0x000000001790c000):  JavaThread "C2 CompilerThread1" daemon [_thread_in_native, id=10060, stack(0x0000000019050000,0x0000000019150000)]

Stack: [0x0000000019050000,0x0000000019150000]
[error occurred during error reporting (printing stack bounds), id 0xc0000005]

Native frames: (J=compiled Java code, j=interpreted, Vv=VM code, C=native code)


Current CompileTask:
C2:  11072 4426       4       org.jetbrains.org.objectweb.asm.ClassReader::readMethod (1047 bytes)


---------------  P R O C E S S  ---------------

Java Threads: ( => current thread )
  0x0000000019261000 JavaThread "Service Thread" daemon [_thread_blocked, id=6964, stack(0x0000000019650000,0x0000000019750000)]
  0x0000000017927800 JavaThread "C1 CompilerThread2" daemon [_thread_in_native, id=9368, stack(0x0000000019150000,0x0000000019250000)]
=>0x000000001790c000 JavaThread "C2 CompilerThread1" daemon [_thread_in_native, id=10060, stack(0x0000000019050000,0x0000000019150000)]
  0x0000000017907800 JavaThread "C2 CompilerThread0" daemon [_thread_in_native, id=1348, stack(0x0000000018f50000,0x0000000019050000)]
  0x0000000017906800 JavaThread "Attach Listener" daemon [_thread_blocked, id=2732, stack(0x0000000018e50000,0x0000000018f50000)]
  0x0000000017905000 JavaThread "Signal Dispatcher" daemon [_thread_blocked, id=11348, stack(0x0000000018d50000,0x0000000018e50000)]
  0x00000000178f1800 JavaThread "Finalizer" daemon [_thread_blocked, id=8000, stack(0x0000000018b50000,0x0000000018c50000)]
  0x00000000178c9800 JavaThread "Reference Handler" daemon [_thread_blocked, id=8284, stack(0x0000000018a50000,0x0000000018b50000)]
  0x0000000002caa800 JavaThread "main" [_thread_in_Java, id=5324, stack(0x0000000002ba0000,0x0000000002ca0000)]

Other Threads:
  0x00000000178c7000 VMThread [stack: 0x0000000018950000,0x0000000018a50000] [id=10448]
  0x0000000019268000 WatcherThread [stack: 0x0000000019750000,0x0000000019850000] [id=2876]

VM state:not at safepoint (normal execution)

VM Mutex/Monitor currently owned by a thread: None

Heap:
 PSYoungGen      total 138240K, used 109823K [0x00000000d5d00000, 0x00000000e1600000, 0x0000000100000000)
  eden space 133120K, 82% used [0x00000000d5d00000,0x00000000dc83fe68,0x00000000ddf00000)
  from space 5120K, 0% used [0x00000000ddf00000,0x00000000ddf00000,0x00000000de400000)
  to   space 15872K, 0% used [0x00000000e0680000,0x00000000e0680000,0x00000000e1600000)
 ParOldGen       total 61952K, used 27643K [0x0000000081600000, 0x0000000085280000, 0x00000000d5d00000)
  object space 61952K, 44% used [0x0000000081600000,0x00000000830fecc0,0x0000000085280000)
 Metaspace       used 44826K, capacity 45566K, committed 45952K, reserved 1089536K
  class space    used 5718K, capacity 5926K, committed 6016K, reserved 1048576K

Card table byte_map: [0x0000000012160000,0x0000000012560000] byte_map_base: 0x0000000011d55000

Marking Bits: (ParMarkBitMap*) 0x00000000579ec720
 Begin Bits: [0x0000000012c10000, 0x0000000014bb8000)
 End Bits:   [0x0000000014bb8000, 0x0000000016b60000)

Polling page: 0x00000000009f0000

CodeCache: size=245760Kb used=14961Kb max_used=14961Kb free=230798Kb
 bounds [0x0000000002da0000, 0x0000000003c50000, 0x0000000011da0000]
 total_blobs=5020 nmethods=4562 adapters=369
 compilation: enabled

Compilation events (10 events):
Event: 11.057 Thread 0x0000000017927800 nmethod 4602 0x0000000002edb110 code [0x0000000002edb260, 0x0000000002edb350]
Event: 11.061 Thread 0x0000000017927800 4603       2       org.jetbrains.kotlin.load.java.structure.impl.classFiles.BinaryJavaMethodBase::isStatic (5 bytes)
Event: 11.062 Thread 0x0000000017927800 nmethod 4603 0x0000000003c3c810 code [0x0000000003c3c980, 0x0000000003c3cb08]
Event: 11.062 Thread 0x0000000017927800 4604       2       org.jetbrains.kotlin.load.java.components.DescriptorResolverUtils::isObjectMethodInInterface (46 bytes)
Event: 11.062 Thread 0x0000000017927800 nmethod 4604 0x0000000003c3c2d0 code [0x0000000003c3c460, 0x0000000003c3c718]
Event: 11.065 Thread 0x0000000017927800 4605       2       org.jetbrains.kotlin.metadata.ProtoBuf$Constructor::initFields (21 bytes)
Event: 11.065 Thread 0x0000000017927800 nmethod 4605 0x0000000003c3bf50 code [0x0000000003c3c0a0, 0x0000000003c3c230]
Event: 11.065 Thread 0x0000000017927800 4610       2       org.jetbrains.kotlin.protobuf.CodedInputStream::readInt32 (5 bytes)
Event: 11.066 Thread 0x0000000017927800 nmethod 4610 0x0000000003c3bbd0 code [0x0000000003c3bd40, 0x0000000003c3bea8]
Event: 11.066 Thread 0x0000000017927800 4609   !   2       org.jetbrains.kotlin.metadata.ProtoBuf$Constructor::<init> (520 bytes)

GC Heap History (10 events):
Event: 3.220 GC heap before
{Heap before GC invocations=3 (full 0):
 PSYoungGen      total 71680K, used 19851K [0x00000000d5d00000, 0x00000000da800000, 0x0000000100000000)
  eden space 66560K, 22% used [0x00000000d5d00000,0x00000000d6b646a8,0x00000000d9e00000)
  from space 5120K, 99% used [0x00000000da300000,0x00000000da7fe570,0x00000000da800000)
  to   space 5120K, 0% used [0x00000000d9e00000,0x00000000d9e00000,0x00000000da300000)
 ParOldGen       total 87552K, used 7890K [0x0000000081600000, 0x0000000086b80000, 0x00000000d5d00000)
  object space 87552K, 9% used [0x0000000081600000,0x0000000081db4988,0x0000000086b80000)
 Metaspace       used 20761K, capacity 21150K, committed 21296K, reserved 1069056K
  class space    used 2520K, capacity 2651K, committed 2688K, reserved 1048576K
Event: 3.234 GC heap after
Heap after GC invocations=3 (full 0):
 PSYoungGen      total 71680K, used 5113K [0x00000000d5d00000, 0x00000000de900000, 0x0000000100000000)
  eden space 66560K, 0% used [0x00000000d5d00000,0x00000000d5d00000,0x00000000d9e00000)
  from space 5120K, 99% used [0x00000000d9e00000,0x00000000da2fe590,0x00000000da300000)
  to   space 5120K, 0% used [0x00000000de400000,0x00000000de400000,0x00000000de900000)
 ParOldGen       total 87552K, used 11323K [0x0000000081600000, 0x0000000086b80000, 0x00000000d5d00000)
  object space 87552K, 12% used [0x0000000081600000,0x000000008210ef00,0x0000000086b80000)
 Metaspace       used 20761K, capacity 21150K, committed 21296K, reserved 1069056K
  class space    used 2520K, capacity 2651K, committed 2688K, reserved 1048576K
}
Event: 3.234 GC heap before
{Heap before GC invocations=4 (full 1):
 PSYoungGen      total 71680K, used 5113K [0x00000000d5d00000, 0x00000000de900000, 0x0000000100000000)
  eden space 66560K, 0% used [0x00000000d5d00000,0x00000000d5d00000,0x00000000d9e00000)
  from space 5120K, 99% used [0x00000000d9e00000,0x00000000da2fe590,0x00000000da300000)
  to   space 5120K, 0% used [0x00000000de400000,0x00000000de400000,0x00000000de900000)
 ParOldGen       total 87552K, used 11323K [0x0000000081600000, 0x0000000086b80000, 0x00000000d5d00000)
  object space 87552K, 12% used [0x0000000081600000,0x000000008210ef00,0x0000000086b80000)
 Metaspace       used 20761K, capacity 21150K, committed 21296K, reserved 1069056K
  class space    used 2520K, capacity 2651K, committed 2688K, reserved 1048576K
Event: 3.288 GC heap after
Heap after GC invocations=4 (full 1):
 PSYoungGen      total 71680K, used 0K [0x00000000d5d00000, 0x00000000de900000, 0x0000000100000000)
  eden space 66560K, 0% used [0x00000000d5d00000,0x00000000d5d00000,0x00000000d9e00000)
  from space 5120K, 0% used [0x00000000d9e00000,0x00000000d9e00000,0x00000000da300000)
  to   space 5120K, 0% used [0x00000000de400000,0x00000000de400000,0x00000000de900000)
 ParOldGen       total 61952K, used 8419K [0x0000000081600000, 0x0000000085280000, 0x00000000d5d00000)
  object space 61952K, 13% used [0x0000000081600000,0x0000000081e38c90,0x0000000085280000)
 Metaspace       used 20761K, capacity 21150K, committed 21296K, reserved 1069056K
  class space    used 2520K, capacity 2651K, committed 2688K, reserved 1048576K
}
Event: 5.461 GC heap before
{Heap before GC invocations=5 (full 1):
 PSYoungGen      total 71680K, used 66560K [0x00000000d5d00000, 0x00000000de900000, 0x0000000100000000)
  eden space 66560K, 100% used [0x00000000d5d00000,0x00000000d9e00000,0x00000000d9e00000)
  from space 5120K, 0% used [0x00000000d9e00000,0x00000000d9e00000,0x00000000da300000)
  to   space 5120K, 0% used [0x00000000de400000,0x00000000de400000,0x00000000de900000)
 ParOldGen       total 61952K, used 8419K [0x0000000081600000, 0x0000000085280000, 0x00000000d5d00000)
  object space 61952K, 13% used [0x0000000081600000,0x0000000081e38c90,0x0000000085280000)
 Metaspace       used 29782K, capacity 30240K, committed 30336K, reserved 1075200K
  class space    used 3763K, capacity 3928K, committed 3968K, reserved 1048576K
Event: 5.483 GC heap after
Heap after GC invocations=5 (full 1):
 PSYoungGen      total 106496K, used 5090K [0x00000000d5d00000, 0x00000000de900000, 0x0000000100000000)
  eden space 101376K, 0% used [0x00000000d5d00000,0x00000000d5d00000,0x00000000dc000000)
  from space 5120K, 99% used [0x00000000de400000,0x00000000de8f8908,0x00000000de900000)
  to   space 5120K, 0% used [0x00000000ddf00000,0x00000000ddf00000,0x00000000de400000)
 ParOldGen       total 61952K, used 19817K [0x0000000081600000, 0x0000000085280000, 0x00000000d5d00000)
  object space 61952K, 31% used [0x0000000081600000,0x000000008295a6b0,0x0000000085280000)
 Metaspace       used 29782K, capacity 30240K, committed 30336K, reserved 1075200K
  class space    used 3763K, capacity 3928K, committed 3968K, reserved 1048576K
}
Event: 7.036 GC heap before
{Heap before GC invocations=6 (full 1):
 PSYoungGen      total 106496K, used 30856K [0x00000000d5d00000, 0x00000000de900000, 0x0000000100000000)
  eden space 101376K, 25% used [0x00000000d5d00000,0x00000000d7629ab0,0x00000000dc000000)
  from space 5120K, 99% used [0x00000000de400000,0x00000000de8f8908,0x00000000de900000)
  to   space 5120K, 0% used [0x00000000ddf00000,0x00000000ddf00000,0x00000000de400000)
 ParOldGen       total 61952K, used 19817K [0x0000000081600000, 0x0000000085280000, 0x00000000d5d00000)
  object space 61952K, 31% used [0x0000000081600000,0x000000008295a6b0,0x0000000085280000)
 Metaspace       used 34804K, capacity 35302K, committed 35456K, reserved 1079296K
  class space    used 4533K, capacity 4684K, committed 4736K, reserved 1048576K
Event: 7.080 GC heap after
Heap after GC invocations=6 (full 1):
 PSYoungGen      total 138240K, used 5099K [0x00000000d5d00000, 0x00000000e1600000, 0x0000000100000000)
  eden space 133120K, 0% used [0x00000000d5d00000,0x00000000d5d00000,0x00000000ddf00000)
  from space 5120K, 99% used [0x00000000ddf00000,0x00000000de3fadb8,0x00000000de400000)
  to   space 15872K, 0% used [0x00000000e0680000,0x00000000e0680000,0x00000000e1600000)
 ParOldGen       total 61952K, used 26057K [0x0000000081600000, 0x0000000085280000, 0x00000000d5d00000)
  object space 61952K, 42% used [0x0000000081600000,0x0000000082f727c0,0x0000000085280000)
 Metaspace       used 34804K, capacity 35302K, committed 35456K, reserved 1079296K
  class space    used 4533K, capacity 4684K, committed 4736K, reserved 1048576K
}
Event: 7.080 GC heap before
{Heap before GC invocations=7 (full 2):
 PSYoungGen      total 138240K, used 5099K [0x00000000d5d00000, 0x00000000e1600000, 0x0000000100000000)
  eden space 133120K, 0% used [0x00000000d5d00000,0x00000000d5d00000,0x00000000ddf00000)
  from space 5120K, 99% used [0x00000000ddf00000,0x00000000de3fadb8,0x00000000de400000)
  to   space 15872K, 0% used [0x00000000e0680000,0x00000000e0680000,0x00000000e1600000)
 ParOldGen       total 61952K, used 26057K [0x0000000081600000, 0x0000000085280000, 0x00000000d5d00000)
  object space 61952K, 42% used [0x0000000081600000,0x0000000082f727c0,0x0000000085280000)
 Metaspace       used 34804K, capacity 35302K, committed 35456K, reserved 1079296K
  class space    used 4533K, capacity 4684K, committed 4736K, reserved 1048576K
Event: 7.236 GC heap after
Heap after GC invocations=7 (full 2):
 PSYoungGen      total 138240K, used 0K [0x00000000d5d00000, 0x00000000e1600000, 0x0000000100000000)
  eden space 133120K, 0% used [0x00000000d5d00000,0x00000000d5d00000,0x00000000ddf00000)
  from space 5120K, 0% used [0x00000000ddf00000,0x00000000ddf00000,0x00000000de400000)
  to   space 15872K, 0% used [0x00000000e0680000,0x00000000e0680000,0x00000000e1600000)
 ParOldGen       total 61952K, used 27643K [0x0000000081600000, 0x0000000085280000, 0x00000000d5d00000)
  object space 61952K, 44% used [0x0000000081600000,0x00000000830fecc0,0x0000000085280000)
 Metaspace       used 34804K, capacity 35302K, committed 35456K, reserved 1079296K
  class space    used 4533K, capacity 4684K, committed 4736K, reserved 1048576K
}

Deoptimization events (10 events):
Event: 10.441 Thread 0x0000000002caa800 Uncommon trap: reason=null_check action=make_not_entrant pc=0x0000000003b3c3b8 method=org.jetbrains.kotlin.storage.LockBasedStorageManager$LockBasedLazyValue.invoke()Ljava/lang/Object; @ 6
Event: 10.441 Thread 0x0000000002caa800 Uncommon trap: reason=null_check action=make_not_entrant pc=0x0000000003ac6cb8 method=org.jetbrains.kotlin.utils.WrappedValues.unescapeThrowable(Ljava/lang/Object;)Ljava/lang/Object; @ 1
Event: 10.444 Thread 0x0000000002caa800 Uncommon trap: reason=unstable_if action=reinterpret pc=0x000000000393b768 method=gnu.trove.TObjectHash.insertionIndex(Ljava/lang/Object;)I @ 65
Event: 10.455 Thread 0x0000000002caa800 Uncommon trap: reason=unstable_if action=reinterpret pc=0x0000000003664ffc method=gnu.trove.TObjectHash.insertionIndex(Ljava/lang/Object;)I @ 65
Event: 10.531 Thread 0x0000000002caa800 Uncommon trap: reason=unstable_if action=reinterpret pc=0x0000000003956df0 method=org.jetbrains.kotlin.name.Name.hashCode()I @ 16
Event: 10.862 Thread 0x0000000002caa800 Uncommon trap: reason=unstable_if action=reinterpret pc=0x0000000003441814 method=org.jetbrains.kotlin.protobuf.CodedInputStream.readRawVarint32()I @ 69
Event: 10.863 Thread 0x0000000002caa800 Uncommon trap: reason=unstable_if action=reinterpret pc=0x00000000034b7c08 method=org.jetbrains.kotlin.protobuf.CodedOutputStream.computeRawVarint32Size(I)I @ 14
Event: 10.980 Thread 0x0000000002caa800 Uncommon trap: reason=unstable_if action=reinterpret pc=0x00000000036e97e8 method=org.jetbrains.kotlin.com.intellij.util.keyFMap.ArrayBackedFMap.indexOf(I)I @ 8
Event: 10.980 Thread 0x0000000002caa800 Uncommon trap: reason=unstable_if action=reinterpret pc=0x00000000036e5758 method=org.jetbrains.kotlin.com.intellij.util.keyFMap.ArrayBackedFMap.indexOf(I)I @ 8
Event: 11.013 Thread 0x0000000002caa800 Uncommon trap: reason=unstable_if action=reinterpret pc=0x00000000031a3b48 method=kotlin.jvm.internal.Intrinsics.areEqual(Ljava/lang/Object;Ljava/lang/Object;)Z @ 5

Internal exceptions (10 events):
Event: 5.006 Thread 0x0000000002caa800 Exception <a 'java/lang/ArrayIndexOutOfBoundsException': 86> (0x00000000d8b47650) thrown at [C:\re\workspace\8-2-build-windows-amd64-cygwin\jdk8u131\8869\hotspot\src\share\vm\interpreter\interpreterRuntime.cpp, line 366]
Event: 6.198 Thread 0x0000000002caa800 Exception <a 'java/lang/NoSuchMethodError': java.lang.Object.lambda$static$0(I)[Lorg/jetbrains/kotlin/psi/KtExpression;> (0x00000000d6f7a1f8) thrown at [C:\re\workspace\8-2-build-windows-amd64-cygwin\jdk8u131\8869\hotspot\src\share\vm\interpreter\linkReso
Event: 8.232 Thread 0x0000000002caa800 Exception <a 'java/lang/NoSuchMethodError': java.lang.Object.lambda$static$0(I)[Lorg/jetbrains/kotlin/com/intellij/psi/PsiClass;> (0x00000000d7670fd0) thrown at [C:\re\workspace\8-2-build-windows-amd64-cygwin\jdk8u131\8869\hotspot\src\share\vm\interpreter
Event: 8.710 Thread 0x0000000002caa800 Exception <a 'java/lang/NoSuchMethodError': java.lang.Object.lambda$static$0(I)[Lorg/jetbrains/kotlin/com/intellij/psi/PsiReference;> (0x00000000d7b28f48) thrown at [C:\re\workspace\8-2-build-windows-amd64-cygwin\jdk8u131\8869\hotspot\src\share\vm\interpr
Event: 8.720 Thread 0x0000000002caa800 Exception <a 'java/lang/NoSuchMethodError': java.lang.Object.lambda$static$0(I)[Lorg/jetbrains/kotlin/com/intellij/psi/PsiTypeElement;> (0x00000000d7b5eb68) thrown at [C:\re\workspace\8-2-build-windows-amd64-cygwin\jdk8u131\8869\hotspot\src\share\vm\inter
Event: 8.917 Thread 0x0000000002caa800 Exception <a 'java/lang/NoSuchMethodError': java.lang.Object.lambda$static$0(I)[Lorg/jetbrains/kotlin/com/intellij/psi/PsiTypeParameter;> (0x00000000d83aeb78) thrown at [C:\re\workspace\8-2-build-windows-amd64-cygwin\jdk8u131\8869\hotspot\src\share\vm\int
Event: 8.995 Thread 0x0000000002caa800 Exception <a 'java/lang/NoSuchMethodError': java.lang.Object.lambda$static$0(I)[Lorg/jetbrains/kotlin/psi/KtDeclaration;> (0x00000000d85ec120) thrown at [C:\re\workspace\8-2-build-windows-amd64-cygwin\jdk8u131\8869\hotspot\src\share\vm\interpreter\linkRes
Event: 9.008 Thread 0x0000000002caa800 Exception <a 'java/lang/NoSuchMethodError': java.lang.Object.lambda$static$0(I)[Lorg/jetbrains/kotlin/psi/KtTypeElement;> (0x00000000d8625918) thrown at [C:\re\workspace\8-2-build-windows-amd64-cygwin\jdk8u131\8869\hotspot\src\share\vm\interpreter\linkRes
Event: 10.441 Thread 0x0000000002caa800 Implicit null exception at 0x0000000003b3c094 to 0x0000000003b3c3a9
Event: 10.441 Thread 0x0000000002caa800 Implicit null exception at 0x0000000003ac6c6f to 0x0000000003ac6cad

Events (10 events):
Event: 11.057 loading class org/jetbrains/kotlin/resolve/scopes/LexicalScopeStorage$IntList
Event: 11.057 loading class org/jetbrains/kotlin/resolve/scopes/LexicalScopeStorage$IntList done
Event: 11.058 loading class org/jetbrains/kotlin/resolve/CompileTimeConstantUtils
Event: 11.058 loading class org/jetbrains/kotlin/resolve/CompileTimeConstantUtils done
Event: 11.062 loading class org/jetbrains/kotlin/builtins/jvm/FallbackBuiltIns
Event: 11.062 loading class org/jetbrains/kotlin/builtins/jvm/FallbackBuiltIns done
Event: 11.062 loading class org/jetbrains/kotlin/builtins/jvm/FallbackBuiltIns$Companion
Event: 11.062 loading class org/jetbrains/kotlin/builtins/jvm/FallbackBuiltIns$Companion done
Event: 11.063 loading class org/jetbrains/kotlin/descriptors/deserialization/PlatformDependentDeclarationFilter$All
Event: 11.063 loading class org/jetbrains/kotlin/descriptors/deserialization/PlatformDependentDeclarationFilter$All done


Dynamic libraries:
0x00007ff6e2cb0000 - 0x00007ff6e2ce7000 	C:\Program Files\Java\jdk1.8.0_131\jre\bin\java.exe
0x00007ff8b3760000 - 0x00007ff8b3950000 	C:\WINDOWS\SYSTEM32\ntdll.dll
0x00007ff8b33f0000 - 0x00007ff8b34a2000 	C:\WINDOWS\System32\KERNEL32.DLL
0x00007ff8b0cc0000 - 0x00007ff8b0f63000 	C:\WINDOWS\System32\KERNELBASE.dll
0x00007ff8b1890000 - 0x00007ff8b1933000 	C:\WINDOWS\System32\ADVAPI32.dll
0x00007ff8b19c0000 - 0x00007ff8b1a5e000 	C:\WINDOWS\System32\msvcrt.dll
0x00007ff8b1ea0000 - 0x00007ff8b1f37000 	C:\WINDOWS\System32\sechost.dll
0x00007ff8b1a90000 - 0x00007ff8b1bb0000 	C:\WINDOWS\System32\RPCRT4.dll
0x00007ff8b2210000 - 0x00007ff8b23a4000 	C:\WINDOWS\System32\USER32.dll
0x00007ff8b0720000 - 0x00007ff8b0741000 	C:\WINDOWS\System32\win32u.dll
0x00007ff8b1a60000 - 0x00007ff8b1a86000 	C:\WINDOWS\System32\GDI32.dll
0x00007ff8b0b20000 - 0x00007ff8b0cb4000 	C:\WINDOWS\System32\gdi32full.dll
0x00007ff8b0930000 - 0x00007ff8b09ce000 	C:\WINDOWS\System32\msvcp_win.dll
0x00007ff8b07d0000 - 0x00007ff8b08ca000 	C:\WINDOWS\System32\ucrtbase.dll
0x00007ff8a3fa0000 - 0x00007ff8a4225000 	C:\WINDOWS\WinSxS\amd64_microsoft.windows.common-controls_6595b64144ccf1df_6.0.18362.476_none_e6c4b11b130f2595\COMCTL32.dll
0x00007ff8b23b0000 - 0x00007ff8b26e6000 	C:\WINDOWS\System32\combase.dll
0x00007ff8b0750000 - 0x00007ff8b07d0000 	C:\WINDOWS\System32\bcryptPrimitives.dll
0x00007ff8b1be0000 - 0x00007ff8b1c0e000 	C:\WINDOWS\System32\IMM32.DLL
0x0000000057a70000 - 0x0000000057b42000 	C:\Program Files\Java\jdk1.8.0_131\jre\bin\msvcr100.dll
0x00000000571d0000 - 0x0000000057a6c000 	C:\Program Files\Java\jdk1.8.0_131\jre\bin\server\jvm.dll
0x00007ff8b1bd0000 - 0x00007ff8b1bd8000 	C:\WINDOWS\System32\PSAPI.DLL
0x00007ff8a4d90000 - 0x00007ff8a4d9a000 	C:\WINDOWS\SYSTEM32\VERSION.dll
0x00007ff8ae230000 - 0x00007ff8ae254000 	C:\WINDOWS\SYSTEM32\WINMM.dll
0x00007ff8a4b30000 - 0x00007ff8a4b39000 	C:\WINDOWS\SYSTEM32\WSOCK32.dll
0x00007ff8b34c0000 - 0x00007ff8b352f000 	C:\WINDOWS\System32\WS2_32.dll
0x00007ff8ae200000 - 0x00007ff8ae22d000 	C:\WINDOWS\SYSTEM32\winmmbase.dll
0x00007ff8b0f90000 - 0x00007ff8b0fda000 	C:\WINDOWS\System32\cfgmgr32.dll
0x00000000571c0000 - 0x00000000571cf000 	C:\Program Files\Java\jdk1.8.0_131\jre\bin\verify.dll
0x0000000057190000 - 0x00000000571b9000 	C:\Program Files\Java\jdk1.8.0_131\jre\bin\java.dll
0x0000000057170000 - 0x0000000057186000 	C:\Program Files\Java\jdk1.8.0_131\jre\bin\zip.dll
0x00007ff8b2830000 - 0x00007ff8b2f15000 	C:\WINDOWS\System32\SHELL32.dll
0x00007ff8b2160000 - 0x00007ff8b2209000 	C:\WINDOWS\System32\shcore.dll
0x00007ff8b1090000 - 0x00007ff8b180e000 	C:\WINDOWS\System32\windows.storage.dll
0x00007ff8b06d0000 - 0x00007ff8b06ef000 	C:\WINDOWS\System32\profapi.dll
0x00007ff8b0660000 - 0x00007ff8b06aa000 	C:\WINDOWS\System32\powrprof.dll
0x00007ff8b0630000 - 0x00007ff8b0640000 	C:\WINDOWS\System32\UMPDC.dll
0x00007ff8b1c10000 - 0x00007ff8b1c62000 	C:\WINDOWS\System32\shlwapi.dll
0x00007ff8b0640000 - 0x00007ff8b0651000 	C:\WINDOWS\System32\kernel.appcore.dll
0x00007ff8b0f70000 - 0x00007ff8b0f87000 	C:\WINDOWS\System32\cryptsp.dll
0x0000000057150000 - 0x000000005716a000 	C:\Program Files\Java\jdk1.8.0_131\jre\bin\net.dll
0x00007ff8afe40000 - 0x00007ff8afea7000 	C:\WINDOWS\system32\mswsock.dll
0x0000000057130000 - 0x0000000057141000 	C:\Program Files\Java\jdk1.8.0_131\jre\bin\nio.dll

VM Arguments:
java_command: org.jetbrains.kotlin.cli.jvm.K2JVMCompiler -Xallow-no-source-files -classpath C:\Users\shayan\.gradle\caches\modules-2\files-2.1\org.jetbrains.kotlin\kotlin-android-extensions-runtime\1.3.50\bec16087637a7cafe54894e73d38037977cb30d2\kotlin-android-extensions-runtime-1.3.50.jar;C:\Users\shayan\.gradle\caches\modules-2\files-2.1\org.jetbrains.kotlin\kotlin-stdlib-jdk7\1.3.50\50ad05ea1c2595fb31b800e76db464d08d599af3\kotlin-stdlib-jdk7-1.3.50.jar;C:\Users\shayan\.gradle\caches\transforms-2\files-2.1\b45ac6bc9b8d92a22e4e905e5139e1f4\core-ktx-1.1.0-api.jar;C:\Users\shayan\.gradle\caches\modules-2\files-2.1\org.jetbrains.kotlin\kotlin-stdlib\1.3.50\b529d1738c7e98bbfa36a4134039528f2ce78ebf\kotlin-stdlib-1.3.50.jar;C:\Users\shayan\.gradle\caches\modules-2\files-2.1\org.jetbrains.kotlin\kotlin-stdlib-common\1.3.50\3d9cd3e1bc7b92e95f43d45be3bfbcf38e36ab87\kotlin-stdlib-common-1.3.50.jar;C:\Users\shayan\.gradle\caches\modules-2\files-2.1\org.jetbrains\annotations\13.0\919f0dfe192fb4e063e7dacadee7f8bb9a2672a9\annotations-13.0.jar;C:\Users\shayan\.gradle\caches\transforms-2\files-2.1\b31487d4183ab8e3ce1aacbea123e3bc\material-1.0.0-api.jar;C:\Users\shayan\.gradle\caches\transforms-2\files-2.1\de54a495b5e352a48e76a1729b0efb28\jetified-dagger-android-support-2.13-api.jar;C:\Users\shayan\.gradle\caches\transforms-2\files-2.1\030fce577f266572cfe590c57ed3b736\appcompat-1.1.0-api.jar;C:\Users\shayan\.gradle\caches\transforms-2\files-2.1\dfef0380a3c9cb498f787e8ee6914794\jetified-okhttp3-integration-4.4.0.jar;C:\Users\shayan\.gradle\caches\transforms-2\files-2.1\8168d68a9a06dde50ef357899a3ef64c\jetified-dagger-android-2.15-api.jar;C:\Users\shayan\.gradle\caches\transforms-2\files-2.1\8bb302a4743c63011bd0c04bd16a8b7a\jetified-glide-4.9.0-api.jar;C:\Users\shayan\.gradle\caches\transforms-2\files-2.1\8b29f0ead22483b1692813bae0ed9f88\lifecycle-extensions-2.1.0-api.jar;C:\Users\shayan\.gradle\caches\transforms-2\files-2.1\205994c5c576ef40c272803a097dcbdd\jetified-recyclerviewfas
java_class_path (initial): C:\Users\shayan\.gradle\caches\modules-2\files-2.1\org.jetbrains.kotlin\kotlin-compiler-embeddable\1.3.50\1251c1768e5769b06c2487d6f6cf8acf6efb8960\kotlin-compiler-embeddable-1.3.50.jar;C:\Users\shayan\.gradle\caches\modules-2\files-2.1\org.jetbrains.kotlin\kotlin-reflect\1.3.50\b499f22fd7c3e9c2e5b6c4005221fa47fc7f9a7a\kotlin-reflect-1.3.50.jar;C:\Users\shayan\.gradle\caches\modules-2\files-2.1\org.jetbrains.kotlin\kotlin-stdlib\1.3.50\b529d1738c7e98bbfa36a4134039528f2ce78ebf\kotlin-stdlib-1.3.50.jar;C:\Users\shayan\.gradle\caches\modules-2\files-2.1\org.jetbrains.kotlin\kotlin-script-runtime\1.3.50\59492b8dfb92522ba0ddb5dd1c4d0ef0a4fca1af\kotlin-script-runtime-1.3.50.jar;C:\Users\shayan\.gradle\caches\modules-2\files-2.1\org.jetbrains.kotlin\kotlin-daemon-embeddable\1.3.50\5cb93bb33f4c6f833ead0beca4c831668e00cf52\kotlin-daemon-embeddable-1.3.50.jar;C:\Users\shayan\.gradle\caches\modules-2\files-2.1\org.jetbrains.intellij.deps\trove4j\1.0.20181211\216c2e14b070f334479d800987affe4054cd563f\trove4j-1.0.20181211.jar;C:\Users\shayan\.gradle\caches\modules-2\files-2.1\org.jetbrains.kotlin\kotlin-stdlib-common\1.3.50\3d9cd3e1bc7b92e95f43d45be3bfbcf38e36ab87\kotlin-stdlib-common-1.3.50.jar;C:\Users\shayan\.gradle\caches\modules-2\files-2.1\org.jetbrains\annotations\13.0\919f0dfe192fb4e063e7dacadee7f8bb9a2672a9\annotations-13.0.jar;C:\Program Files\Java\jdk1.8.0_131\lib\tools.jar
Launcher Type: SUN_STANDARD

Environment Variables:
JAVA_HOME=C:\Program Files\Java\jdk1.8.0_131
PATH=C:\ProgramData\Oracle\Java\javapath;C:\WINDOWS\system32;C:\WINDOWS;C:\WINDOWS\System32\Wbem;C:\WINDOWS\System32\WindowsPowerShell\v1.0\;C:\Users\shayan\Downloads\Compressed\apache-maven-3.5.2-bin\bin;C:\Program Files\PuTTY\;C:\Program Files\Git\cmd;C:\WINDOWS\System32\OpenSSH\;C:\Program Files\Microsoft VS Code\bin;C:\Program Files\nodejs\;C:\Program Files (x86)\Skype\Phone\;C:\Users\shayan\AppData\Local\Microsoft\WindowsApps;C:\Program Files\Microsoft VS Code\bin;C:\Users\shayan\AppData\Roaming\npm;
USERNAME=shayan
OS=Windows_NT
PROCESSOR_IDENTIFIER=Intel64 Family 6 Model 61 Stepping 4, GenuineIntel



---------------  S Y S T E M  ---------------

OS: Windows 10.0 , 64 bit Build 18362 (10.0.18362.329)

CPU:total 4 (initial active 4) (2 cores per cpu, 2 threads per core) family 6 model 61 stepping 4, cmov, cx8, fxsr, mmx, sse, sse2, sse3, ssse3, sse4.1, sse4.2, popcnt, avx, avx2, aes, clmul, erms, 3dnowpref, lzcnt, ht, tsc, tscinvbit, bmi1, bmi2, adx

Memory: 4k page, physical 8297884k(588592k free), swap 10755484k(5972k free)

vm_info: Java HotSpot(TM) 64-Bit Server VM (25.131-b11) for windows-amd64 JRE (1.8.0_131-b11), built on Mar 15 2017 01:23:53 by "java_re" with MS VC++ 10.0 (VS2010)

time: Sat Nov 30 19:27:37 2019
elapsed time: 11 seconds (0d 0h 0m 11s)

