#
# There is insufficient memory for the Java Runtime Environment to continue.
# Native memory allocation (malloc) failed to allocate 624736 bytes for Chunk::new
# Possible reasons:
#   The system is out of physical RAM or swap space
#   In 32 bit mode, the process size limit was hit
# Possible solutions:
#   Reduce memory load on the system
#   Increase physical memory or swap space
#   Check if swap backing store is full
#   Use 64 bit Java on a 64 bit OS
#   Decrease Java heap size (-Xmx/-Xms)
#   Decrease number of Java threads
#   Decrease Java thread stack sizes (-Xss)
#   Set larger code cache with -XX:ReservedCodeCacheSize=
# This output file may be truncated or incomplete.
#
#  Out of Memory Error (allocation.cpp:390), pid=3772, tid=0x00000000000014cc
#
# JRE version: Java(TM) SE Runtime Environment (8.0_131-b11) (build 1.8.0_131-b11)
# Java VM: Java HotSpot(TM) 64-Bit Server VM (25.131-b11 mixed mode windows-amd64 compressed oops)
# Failed to write core dump. Minidumps are not enabled by default on client versions of Windows
#

---------------  T H R E A D  ---------------

Current thread (0x00000000173ad800):  JavaThread "C2 CompilerThread1" daemon [_thread_in_native, id=5324, stack(0x0000000018af0000,0x0000000018bf0000)]

Stack: [0x0000000018af0000,0x0000000018bf0000]
[error occurred during error reporting (printing stack bounds), id 0xc0000005]

Native frames: (J=compiled Java code, j=interpreted, Vv=VM code, C=native code)


Current CompileTask:
C2:   7975 3294       4       org.jetbrains.kotlin.com.intellij.lang.java.parser.ExpressionParser::parseBinary (164 bytes)


---------------  P R O C E S S  ---------------

Java Threads: ( => current thread )
  0x0000000018d2b000 JavaThread "Service Thread" daemon [_thread_blocked, id=8136, stack(0x00000000190f0000,0x00000000191f0000)]
  0x00000000173bb800 JavaThread "C1 CompilerThread2" daemon [_thread_blocked, id=6136, stack(0x0000000018bf0000,0x0000000018cf0000)]
=>0x00000000173ad800 JavaThread "C2 CompilerThread1" daemon [_thread_in_native, id=5324, stack(0x0000000018af0000,0x0000000018bf0000)]
  0x00000000173a7800 JavaThread "C2 CompilerThread0" daemon [_thread_in_native, id=10216, stack(0x00000000189f0000,0x0000000018af0000)]
  0x00000000173a6000 JavaThread "Attach Listener" daemon [_thread_blocked, id=7144, stack(0x00000000188f0000,0x00000000189f0000)]
  0x00000000173a4800 JavaThread "Signal Dispatcher" daemon [_thread_blocked, id=9580, stack(0x00000000187f0000,0x00000000188f0000)]
  0x0000000017390000 JavaThread "Finalizer" daemon [_thread_blocked, id=11484, stack(0x00000000185f0000,0x00000000186f0000)]
  0x0000000002839800 JavaThread "Reference Handler" daemon [_thread_blocked, id=8132, stack(0x00000000184f0000,0x00000000185f0000)]
  0x000000000274b000 JavaThread "main" [_thread_in_Java, id=11504, stack(0x0000000002640000,0x0000000002740000)]

Other Threads:
  0x0000000017368000 VMThread [stack: 0x00000000183f0000,0x00000000184f0000] [id=2392]
  0x0000000018d47000 WatcherThread [stack: 0x00000000191f0000,0x00000000192f0000] [id=8580]

VM state:not at safepoint (normal execution)

VM Mutex/Monitor currently owned by a thread: None

Heap:
 PSYoungGen      total 86016K, used 30903K [0x00000000d5d00000, 0x00000000dde00000, 0x0000000100000000)
  eden space 70144K, 44% used [0x00000000d5d00000,0x00000000d7b2df70,0x00000000da180000)
  from space 15872K, 0% used [0x00000000db100000,0x00000000db100000,0x00000000dc080000)
  to   space 15872K, 0% used [0x00000000da180000,0x00000000da180000,0x00000000db100000)
 ParOldGen       total 119808K, used 24982K [0x0000000081600000, 0x0000000088b00000, 0x00000000d5d00000)
  object space 119808K, 20% used [0x0000000081600000,0x0000000082e65830,0x0000000088b00000)
 Metaspace       used 38995K, capacity 39626K, committed 39936K, reserved 1083392K
  class space    used 5102K, capacity 5282K, committed 5376K, reserved 1048576K

Card table byte_map: [0x0000000011c00000,0x0000000012000000] byte_map_base: 0x00000000117f5000

Marking Bits: (ParMarkBitMap*) 0x00000000579ec720
 Begin Bits: [0x00000000126b0000, 0x0000000014658000)
 End Bits:   [0x0000000014658000, 0x0000000016600000)

Polling page: 0x0000000000c70000

CodeCache: size=245760Kb used=10060Kb max_used=10060Kb free=235699Kb
 bounds [0x0000000002840000, 0x0000000003220000, 0x0000000011840000]
 total_blobs=3721 nmethods=3284 adapters=348
 compilation: enabled

Compilation events (10 events):
Event: 7.952 Thread 0x00000000173bb800 3298       3       java.lang.invoke.DirectMethodHandle::make (199 bytes)
Event: 7.955 Thread 0x00000000173bb800 nmethod 3298 0x000000000321a0d0 code [0x000000000321a3e0, 0x000000000321bc08]
Event: 7.956 Thread 0x00000000173bb800 3299       3       gnu.trove.TIntObjectHashMap::rehash (94 bytes)
Event: 7.957 Thread 0x00000000173bb800 nmethod 3299 0x00000000031fb9d0 code [0x00000000031fbb80, 0x00000000031fc3c8]
Event: 7.958 Thread 0x00000000173bb800 3300       3       org.jetbrains.kotlin.com.intellij.lang.impl.MarkerProduction$$Lambda$100/1316897476::fun (13 bytes)
Event: 7.959 Thread 0x00000000173bb800 nmethod 3300 0x0000000003201990 code [0x0000000003201b20, 0x0000000003201ea8]
Event: 7.959 Thread 0x00000000173bb800 3301       3       org.jetbrains.kotlin.com.intellij.lang.impl.MarkerProduction::lambda$findMarkerAtLexeme$0 (10 bytes)
Event: 7.960 Thread 0x00000000173bb800 nmethod 3301 0x00000000031efa10 code [0x00000000031efc20, 0x00000000031f0798]
Event: 7.962 Thread 0x00000000173bb800 3303       3       org.jetbrains.kotlin.com.intellij.lang.java.parser.ExpressionParser$$Lambda$189/1487254391::apply (12 bytes)
Event: 7.963 Thread 0x00000000173bb800 nmethod 3303 0x0000000003203550 code [0x00000000032036e0, 0x0000000003203a78]

GC Heap History (10 events):
Event: 2.710 GC heap before
{Heap before GC invocations=4 (full 1):
 PSYoungGen      total 38400K, used 5098K [0x00000000d5d00000, 0x00000000da800000, 0x0000000100000000)
  eden space 33280K, 0% used [0x00000000d5d00000,0x00000000d5d00000,0x00000000d7d80000)
  from space 5120K, 99% used [0x00000000d7d80000,0x00000000d827a850,0x00000000d8280000)
  to   space 5120K, 0% used [0x00000000da300000,0x00000000da300000,0x00000000da800000)
 ParOldGen       total 87552K, used 11361K [0x0000000081600000, 0x0000000086b80000, 0x00000000d5d00000)
  object space 87552K, 12% used [0x0000000081600000,0x0000000082118728,0x0000000086b80000)
 Metaspace       used 20750K, capacity 21150K, committed 21296K, reserved 1069056K
  class space    used 2526K, capacity 2651K, committed 2688K, reserved 1048576K
Event: 2.764 GC heap after
Heap after GC invocations=4 (full 1):
 PSYoungGen      total 38400K, used 0K [0x00000000d5d00000, 0x00000000da800000, 0x0000000100000000)
  eden space 33280K, 0% used [0x00000000d5d00000,0x00000000d5d00000,0x00000000d7d80000)
  from space 5120K, 0% used [0x00000000d7d80000,0x00000000d7d80000,0x00000000d8280000)
  to   space 5120K, 0% used [0x00000000da300000,0x00000000da300000,0x00000000da800000)
 ParOldGen       total 65024K, used 8435K [0x0000000081600000, 0x0000000085580000, 0x00000000d5d00000)
  object space 65024K, 12% used [0x0000000081600000,0x0000000081e3ce20,0x0000000085580000)
 Metaspace       used 20750K, capacity 21150K, committed 21296K, reserved 1069056K
  class space    used 2526K, capacity 2651K, committed 2688K, reserved 1048576K
}
Event: 3.864 GC heap before
{Heap before GC invocations=5 (full 1):
 PSYoungGen      total 38400K, used 33280K [0x00000000d5d00000, 0x00000000da800000, 0x0000000100000000)
  eden space 33280K, 100% used [0x00000000d5d00000,0x00000000d7d80000,0x00000000d7d80000)
  from space 5120K, 0% used [0x00000000d7d80000,0x00000000d7d80000,0x00000000d8280000)
  to   space 5120K, 0% used [0x00000000da300000,0x00000000da300000,0x00000000da800000)
 ParOldGen       total 65024K, used 8435K [0x0000000081600000, 0x0000000085580000, 0x00000000d5d00000)
  object space 65024K, 12% used [0x0000000081600000,0x0000000081e3ce20,0x0000000085580000)
 Metaspace       used 23963K, capacity 24490K, committed 24704K, reserved 1071104K
  class space    used 2956K, capacity 3089K, committed 3200K, reserved 1048576K
Event: 3.878 GC heap after
Heap after GC invocations=5 (full 1):
 PSYoungGen      total 53760K, used 5114K [0x00000000d5d00000, 0x00000000da800000, 0x0000000100000000)
  eden space 48640K, 0% used [0x00000000d5d00000,0x00000000d5d00000,0x00000000d8c80000)
  from space 5120K, 99% used [0x00000000da300000,0x00000000da7feb38,0x00000000da800000)
  to   space 5120K, 0% used [0x00000000d9e00000,0x00000000d9e00000,0x00000000da300000)
 ParOldGen       total 65024K, used 10526K [0x0000000081600000, 0x0000000085580000, 0x00000000d5d00000)
  object space 65024K, 16% used [0x0000000081600000,0x0000000082047838,0x0000000085580000)
 Metaspace       used 23963K, capacity 24490K, committed 24704K, reserved 1071104K
  class space    used 2956K, capacity 3089K, committed 3200K, reserved 1048576K
}
Event: 5.457 GC heap before
{Heap before GC invocations=6 (full 1):
 PSYoungGen      total 53760K, used 53754K [0x00000000d5d00000, 0x00000000da800000, 0x0000000100000000)
  eden space 48640K, 100% used [0x00000000d5d00000,0x00000000d8c80000,0x00000000d8c80000)
  from space 5120K, 99% used [0x00000000da300000,0x00000000da7feb38,0x00000000da800000)
  to   space 5120K, 0% used [0x00000000d9e00000,0x00000000d9e00000,0x00000000da300000)
 ParOldGen       total 65024K, used 10526K [0x0000000081600000, 0x0000000085580000, 0x00000000d5d00000)
  object space 65024K, 16% used [0x0000000081600000,0x0000000082047838,0x0000000085580000)
 Metaspace       used 32090K, capacity 32564K, committed 32768K, reserved 1077248K
  class space    used 4162K, capacity 4315K, committed 4352K, reserved 1048576K
Event: 5.476 GC heap after
Heap after GC invocations=6 (full 1):
 PSYoungGen      total 71680K, used 5110K [0x00000000d5d00000, 0x00000000dc080000, 0x0000000100000000)
  eden space 66560K, 0% used [0x00000000d5d00000,0x00000000d5d00000,0x00000000d9e00000)
  from space 5120K, 99% used [0x00000000d9e00000,0x00000000da2fd918,0x00000000da300000)
  to   space 15872K, 0% used [0x00000000db100000,0x00000000db100000,0x00000000dc080000)
 ParOldGen       total 65024K, used 22275K [0x0000000081600000, 0x0000000085580000, 0x00000000d5d00000)
  object space 65024K, 34% used [0x0000000081600000,0x0000000082bc0eb0,0x0000000085580000)
 Metaspace       used 32090K, capacity 32564K, committed 32768K, reserved 1077248K
  class space    used 4162K, capacity 4315K, committed 4352K, reserved 1048576K
}
Event: 5.879 GC heap before
{Heap before GC invocations=7 (full 1):
 PSYoungGen      total 71680K, used 15821K [0x00000000d5d00000, 0x00000000dc080000, 0x0000000100000000)
  eden space 66560K, 16% used [0x00000000d5d00000,0x00000000d6775e38,0x00000000d9e00000)
  from space 5120K, 99% used [0x00000000d9e00000,0x00000000da2fd918,0x00000000da300000)
  to   space 15872K, 0% used [0x00000000db100000,0x00000000db100000,0x00000000dc080000)
 ParOldGen       total 65024K, used 22275K [0x0000000081600000, 0x0000000085580000, 0x00000000d5d00000)
  object space 65024K, 34% used [0x0000000081600000,0x0000000082bc0eb0,0x0000000085580000)
 Metaspace       used 34729K, capacity 35238K, committed 35456K, reserved 1079296K
  class space    used 4539K, capacity 4684K, committed 4736K, reserved 1048576K
Event: 5.894 GC heap after
Heap after GC invocations=7 (full 1):
 PSYoungGen      total 86016K, used 8137K [0x00000000d5d00000, 0x00000000dde00000, 0x0000000100000000)
  eden space 70144K, 0% used [0x00000000d5d00000,0x00000000d5d00000,0x00000000da180000)
  from space 15872K, 51% used [0x00000000db100000,0x00000000db8f24f8,0x00000000dc080000)
  to   space 15872K, 0% used [0x00000000da180000,0x00000000da180000,0x00000000db100000)
 ParOldGen       total 65024K, used 22336K [0x0000000081600000, 0x0000000085580000, 0x00000000d5d00000)
  object space 65024K, 34% used [0x0000000081600000,0x0000000082bd0310,0x0000000085580000)
 Metaspace       used 34729K, capacity 35238K, committed 35456K, reserved 1079296K
  class space    used 4539K, capacity 4684K, committed 4736K, reserved 1048576K
}
Event: 5.894 GC heap before
{Heap before GC invocations=8 (full 2):
 PSYoungGen      total 86016K, used 8137K [0x00000000d5d00000, 0x00000000dde00000, 0x0000000100000000)
  eden space 70144K, 0% used [0x00000000d5d00000,0x00000000d5d00000,0x00000000da180000)
  from space 15872K, 51% used [0x00000000db100000,0x00000000db8f24f8,0x00000000dc080000)
  to   space 15872K, 0% used [0x00000000da180000,0x00000000da180000,0x00000000db100000)
 ParOldGen       total 65024K, used 22336K [0x0000000081600000, 0x0000000085580000, 0x00000000d5d00000)
  object space 65024K, 34% used [0x0000000081600000,0x0000000082bd0310,0x0000000085580000)
 Metaspace       used 34729K, capacity 35238K, committed 35456K, reserved 1079296K
  class space    used 4539K, capacity 4684K, committed 4736K, reserved 1048576K
Event: 6.042 GC heap after
Heap after GC invocations=8 (full 2):
 PSYoungGen      total 86016K, used 0K [0x00000000d5d00000, 0x00000000dde00000, 0x0000000100000000)
  eden space 70144K, 0% used [0x00000000d5d00000,0x00000000d5d00000,0x00000000da180000)
  from space 15872K, 0% used [0x00000000db100000,0x00000000db100000,0x00000000dc080000)
  to   space 15872K, 0% used [0x00000000da180000,0x00000000da180000,0x00000000db100000)
 ParOldGen       total 119808K, used 24982K [0x0000000081600000, 0x0000000088b00000, 0x00000000d5d00000)
  object space 119808K, 20% used [0x0000000081600000,0x0000000082e65830,0x0000000088b00000)
 Metaspace       used 34729K, capacity 35238K, committed 35456K, reserved 1079296K
  class space    used 4539K, capacity 4684K, committed 4736K, reserved 1048576K
}

Deoptimization events (10 events):
Event: 7.098 Thread 0x000000000274b000 Uncommon trap: reason=unstable_if action=reinterpret pc=0x000000000316bd64 method=sun.nio.cs.UTF_8$Decoder.decodeArrayLoop(Ljava/nio/ByteBuffer;Ljava/nio/CharBuffer;)Ljava/nio/charset/CoderResult; @ 121
Event: 7.142 Thread 0x000000000274b000 Uncommon trap: reason=unstable_if action=reinterpret pc=0x00000000031730a8 method=org.jetbrains.kotlin.com.intellij.openapi.fileEditor.impl.LoadTextUtil.convertLineSeparatorsToSlashN(Ljava/nio/CharBuffer;)Lorg/jetbrains/kotlin/com/intellij/openapi/fileEdi
Event: 7.153 Thread 0x000000000274b000 Uncommon trap: reason=unstable_if action=reinterpret pc=0x0000000003149848 method=org.jetbrains.kotlin.com.intellij.openapi.util.text.StringUtil.assertValidSeparators(Ljava/lang/CharSequence;)V @ 34
Event: 7.153 Thread 0x000000000274b000 Uncommon trap: reason=unstable_if action=reinterpret pc=0x0000000002fc69bc method=org.jetbrains.kotlin.com.intellij.util.text.ByteArrayCharSequence.toBytesIfPossible(Ljava/lang/CharSequence;)[B @ 93
Event: 7.154 Thread 0x000000000274b000 Uncommon trap: reason=unstable_if action=reinterpret pc=0x00000000030408bc method=org.jetbrains.kotlin.com.intellij.util.text.CharArrayUtil.getChars(Ljava/lang/CharSequence;[CIII)V @ 73
Event: 7.717 Thread 0x000000000274b000 Uncommon trap: reason=class_check action=maybe_recompile pc=0x0000000002fd4684 method=org.jetbrains.kotlin.com.intellij.util.text.ImmutableText.charAt(I)C @ 46
Event: 7.718 Thread 0x000000000274b000 Uncommon trap: reason=class_check action=maybe_recompile pc=0x0000000002fd4684 method=org.jetbrains.kotlin.com.intellij.util.text.ImmutableText.charAt(I)C @ 46
Event: 7.718 Thread 0x000000000274b000 Uncommon trap: reason=class_check action=maybe_recompile pc=0x0000000002fd4684 method=org.jetbrains.kotlin.com.intellij.util.text.ImmutableText.charAt(I)C @ 46
Event: 7.718 Thread 0x000000000274b000 Uncommon trap: reason=class_check action=maybe_recompile pc=0x0000000002fd4684 method=org.jetbrains.kotlin.com.intellij.util.text.ImmutableText.charAt(I)C @ 46
Event: 7.788 Thread 0x000000000274b000 Uncommon trap: reason=unstable_if action=reinterpret pc=0x00000000031b9b50 method=org.jetbrains.kotlin.com.intellij.lang.java.lexer.JavaLexer.getWhitespaces(I)I @ 36

Internal exceptions (10 events):
Event: 1.989 Thread 0x000000000274b000 Implicit null exception at 0x0000000002a810ef to 0x0000000002a81159
Event: 2.085 Thread 0x000000000274b000 Exception <a 'java/lang/NoSuchMethodError': java.lang.Object.lambda$comparing$77a9974f$1(Ljava/util/function/Function;Ljava/lang/Object;Ljava/lang/Object;)I> (0x00000000d7b5cc08) thrown at [C:\re\workspace\8-2-build-windows-amd64-cygwin\jdk8u131\8869\hots
Event: 2.115 Thread 0x000000000274b000 Exception <a 'java/lang/NoSuchMethodError': java.lang.Object.lambda$static$0()J> (0x00000000d7c53560) thrown at [C:\re\workspace\8-2-build-windows-amd64-cygwin\jdk8u131\8869\hotspot\src\share\vm\interpreter\linkResolver.cpp, line 582]
Event: 2.473 Thread 0x000000000274b000 Exception <a 'java/lang/NoSuchMethodError': java.lang.Object.lambda$static$0(I)[Lorg/jetbrains/kotlin/com/intellij/openapi/editor/event/DocumentListener;> (0x00000000d6355de8) thrown at [C:\re\workspace\8-2-build-windows-amd64-cygwin\jdk8u131\8869\hotspot
Event: 2.541 Thread 0x000000000274b000 Exception <a 'java/lang/NoSuchMethodError': java.lang.Object.lambda$static$0(I)[Lorg/jetbrains/kotlin/com/intellij/psi/PsiElement;> (0x00000000d6572490) thrown at [C:\re\workspace\8-2-build-windows-amd64-cygwin\jdk8u131\8869\hotspot\src\share\vm\interpret
Event: 2.541 Thread 0x000000000274b000 Exception <a 'java/lang/NoSuchMethodError': java.lang.Object.lambda$static$0(I)[Lorg/jetbrains/kotlin/com/intellij/psi/PsiAnnotation;> (0x00000000d65753c8) thrown at [C:\re\workspace\8-2-build-windows-amd64-cygwin\jdk8u131\8869\hotspot\src\share\vm\interp
Event: 4.386 Thread 0x000000000274b000 Exception <a 'java/lang/ArrayIndexOutOfBoundsException': 126> (0x00000000d6aed800) thrown at [C:\re\workspace\8-2-build-windows-amd64-cygwin\jdk8u131\8869\hotspot\src\share\vm\interpreter\interpreterRuntime.cpp, line 366]
Event: 4.387 Thread 0x000000000274b000 Exception <a 'java/lang/ArrayIndexOutOfBoundsException': 86> (0x00000000d6aeec88) thrown at [C:\re\workspace\8-2-build-windows-amd64-cygwin\jdk8u131\8869\hotspot\src\share\vm\interpreter\interpreterRuntime.cpp, line 366]
Event: 5.642 Thread 0x000000000274b000 Exception <a 'java/lang/NoSuchMethodError': java.lang.Object.lambda$static$0(I)[Lorg/jetbrains/kotlin/psi/KtExpression;> (0x00000000d61fbe88) thrown at [C:\re\workspace\8-2-build-windows-amd64-cygwin\jdk8u131\8869\hotspot\src\share\vm\interpreter\linkReso
Event: 7.691 Thread 0x000000000274b000 Exception <a 'java/lang/NoSuchMethodError': java.lang.Object.lambda$static$0(I)[Lorg/jetbrains/kotlin/com/intellij/psi/PsiClass;> (0x00000000d75be880) thrown at [C:\re\workspace\8-2-build-windows-amd64-cygwin\jdk8u131\8869\hotspot\src\share\vm\interpreter

Events (10 events):
Event: 7.851 loading class org/jetbrains/kotlin/com/intellij/lang/java/parser/ExpressionParser$ExprType
Event: 7.851 loading class org/jetbrains/kotlin/com/intellij/lang/java/parser/ExpressionParser$ExprType done
Event: 7.852 loading class org/jetbrains/kotlin/com/intellij/lang/java/parser/ExpressionParser$1
Event: 7.852 loading class org/jetbrains/kotlin/com/intellij/lang/java/parser/ExpressionParser$1 done
Event: 7.952 loading class org/jetbrains/kotlin/com/intellij/lang/PsiBuilder
Event: 7.952 loading class org/jetbrains/kotlin/com/intellij/lang/PsiBuilder done
Event: 7.954 loading class org/jetbrains/kotlin/com/intellij/lang/PsiBuilder
Event: 7.954 loading class org/jetbrains/kotlin/com/intellij/lang/PsiBuilder done
Event: 7.954 loading class org/jetbrains/kotlin/com/intellij/lang/java/parser/ExpressionParser
Event: 7.954 loading class org/jetbrains/kotlin/com/intellij/lang/java/parser/ExpressionParser done


Dynamic libraries:
0x00007ff6e2cb0000 - 0x00007ff6e2ce7000 	C:\Program Files\Java\jdk1.8.0_131\jre\bin\java.exe
0x00007ff8b3760000 - 0x00007ff8b3950000 	C:\WINDOWS\SYSTEM32\ntdll.dll
0x00007ff8b33f0000 - 0x00007ff8b34a2000 	C:\WINDOWS\System32\KERNEL32.DLL
0x00007ff8b0cc0000 - 0x00007ff8b0f63000 	C:\WINDOWS\System32\KERNELBASE.dll
0x00007ff8b1890000 - 0x00007ff8b1933000 	C:\WINDOWS\System32\ADVAPI32.dll
0x00007ff8b19c0000 - 0x00007ff8b1a5e000 	C:\WINDOWS\System32\msvcrt.dll
0x00007ff8b1ea0000 - 0x00007ff8b1f37000 	C:\WINDOWS\System32\sechost.dll
0x00007ff8b1a90000 - 0x00007ff8b1bb0000 	C:\WINDOWS\System32\RPCRT4.dll
0x00007ff8b2210000 - 0x00007ff8b23a4000 	C:\WINDOWS\System32\USER32.dll
0x00007ff8b0720000 - 0x00007ff8b0741000 	C:\WINDOWS\System32\win32u.dll
0x00007ff8b1a60000 - 0x00007ff8b1a86000 	C:\WINDOWS\System32\GDI32.dll
0x00007ff8b0b20000 - 0x00007ff8b0cb4000 	C:\WINDOWS\System32\gdi32full.dll
0x00007ff8b0930000 - 0x00007ff8b09ce000 	C:\WINDOWS\System32\msvcp_win.dll
0x00007ff8b07d0000 - 0x00007ff8b08ca000 	C:\WINDOWS\System32\ucrtbase.dll
0x00007ff8a3fa0000 - 0x00007ff8a4225000 	C:\WINDOWS\WinSxS\amd64_microsoft.windows.common-controls_6595b64144ccf1df_6.0.18362.476_none_e6c4b11b130f2595\COMCTL32.dll
0x00007ff8b23b0000 - 0x00007ff8b26e6000 	C:\WINDOWS\System32\combase.dll
0x00007ff8b0750000 - 0x00007ff8b07d0000 	C:\WINDOWS\System32\bcryptPrimitives.dll
0x00007ff8b1be0000 - 0x00007ff8b1c0e000 	C:\WINDOWS\System32\IMM32.DLL
0x0000000057a70000 - 0x0000000057b42000 	C:\Program Files\Java\jdk1.8.0_131\jre\bin\msvcr100.dll
0x00000000571d0000 - 0x0000000057a6c000 	C:\Program Files\Java\jdk1.8.0_131\jre\bin\server\jvm.dll
0x00007ff8b1bd0000 - 0x00007ff8b1bd8000 	C:\WINDOWS\System32\PSAPI.DLL
0x00007ff8ae230000 - 0x00007ff8ae254000 	C:\WINDOWS\SYSTEM32\WINMM.dll
0x00007ff8a4d90000 - 0x00007ff8a4d9a000 	C:\WINDOWS\SYSTEM32\VERSION.dll
0x00007ff8a4b30000 - 0x00007ff8a4b39000 	C:\WINDOWS\SYSTEM32\WSOCK32.dll
0x00007ff8b34c0000 - 0x00007ff8b352f000 	C:\WINDOWS\System32\WS2_32.dll
0x00007ff8ae200000 - 0x00007ff8ae22d000 	C:\WINDOWS\SYSTEM32\winmmbase.dll
0x00007ff8b0f90000 - 0x00007ff8b0fda000 	C:\WINDOWS\System32\cfgmgr32.dll
0x00000000571c0000 - 0x00000000571cf000 	C:\Program Files\Java\jdk1.8.0_131\jre\bin\verify.dll
0x0000000057190000 - 0x00000000571b9000 	C:\Program Files\Java\jdk1.8.0_131\jre\bin\java.dll
0x0000000057170000 - 0x0000000057186000 	C:\Program Files\Java\jdk1.8.0_131\jre\bin\zip.dll
0x00007ff8b2830000 - 0x00007ff8b2f15000 	C:\WINDOWS\System32\SHELL32.dll
0x00007ff8b2160000 - 0x00007ff8b2209000 	C:\WINDOWS\System32\shcore.dll
0x00007ff8b1090000 - 0x00007ff8b180e000 	C:\WINDOWS\System32\windows.storage.dll
0x00007ff8b06d0000 - 0x00007ff8b06ef000 	C:\WINDOWS\System32\profapi.dll
0x00007ff8b0660000 - 0x00007ff8b06aa000 	C:\WINDOWS\System32\powrprof.dll
0x00007ff8b0630000 - 0x00007ff8b0640000 	C:\WINDOWS\System32\UMPDC.dll
0x00007ff8b1c10000 - 0x00007ff8b1c62000 	C:\WINDOWS\System32\shlwapi.dll
0x00007ff8b0640000 - 0x00007ff8b0651000 	C:\WINDOWS\System32\kernel.appcore.dll
0x00007ff8b0f70000 - 0x00007ff8b0f87000 	C:\WINDOWS\System32\cryptsp.dll
0x0000000057150000 - 0x000000005716a000 	C:\Program Files\Java\jdk1.8.0_131\jre\bin\net.dll
0x00007ff8afe40000 - 0x00007ff8afea7000 	C:\WINDOWS\system32\mswsock.dll
0x0000000057130000 - 0x0000000057141000 	C:\Program Files\Java\jdk1.8.0_131\jre\bin\nio.dll

VM Arguments:
java_command: org.jetbrains.kotlin.cli.jvm.K2JVMCompiler -Xallow-no-source-files -classpath C:\Users\shayan\.gradle\caches\modules-2\files-2.1\org.glassfish\javax.annotation\10.0-b28\30eb3b3cc9cb0863a4edaea5a7575f8ace1b96ba\javax.annotation-10.0-b28.jar;C:\Users\shayan\.gradle\caches\modules-2\files-2.1\org.jetbrains.kotlin\kotlin-android-extensions-runtime\1.3.50\bec16087637a7cafe54894e73d38037977cb30d2\kotlin-android-extensions-runtime-1.3.50.jar;C:\Users\shayan\.gradle\caches\modules-2\files-2.1\org.jetbrains.kotlin\kotlin-stdlib-jdk7\1.3.50\50ad05ea1c2595fb31b800e76db464d08d599af3\kotlin-stdlib-jdk7-1.3.50.jar;C:\Users\shayan\.gradle\caches\transforms-2\files-2.1\b45ac6bc9b8d92a22e4e905e5139e1f4\core-ktx-1.1.0-api.jar;C:\Users\shayan\.gradle\caches\modules-2\files-2.1\org.jetbrains.kotlin\kotlin-stdlib\1.3.50\b529d1738c7e98bbfa36a4134039528f2ce78ebf\kotlin-stdlib-1.3.50.jar;C:\Users\shayan\.gradle\caches\modules-2\files-2.1\org.jetbrains.kotlin\kotlin-stdlib-common\1.3.50\3d9cd3e1bc7b92e95f43d45be3bfbcf38e36ab87\kotlin-stdlib-common-1.3.50.jar;C:\Users\shayan\.gradle\caches\modules-2\files-2.1\org.jetbrains\annotations\13.0\919f0dfe192fb4e063e7dacadee7f8bb9a2672a9\annotations-13.0.jar;C:\Users\shayan\.gradle\caches\transforms-2\files-2.1\b31487d4183ab8e3ce1aacbea123e3bc\material-1.0.0-api.jar;C:\Users\shayan\.gradle\caches\transforms-2\files-2.1\de54a495b5e352a48e76a1729b0efb28\jetified-dagger-android-support-2.13-api.jar;C:\Users\shayan\.gradle\caches\transforms-2\files-2.1\030fce577f266572cfe590c57ed3b736\appcompat-1.1.0-api.jar;C:\Users\shayan\.gradle\caches\transforms-2\files-2.1\dfef0380a3c9cb498f787e8ee6914794\jetified-okhttp3-integration-4.4.0.jar;C:\Users\shayan\.gradle\caches\transforms-2\files-2.1\8168d68a9a06dde50ef357899a3ef64c\jetified-dagger-android-2.15-api.jar;C:\Users\shayan\.gradle\caches\transforms-2\files-2.1\8bb302a4743c63011bd0c04bd16a8b7a\jetified-glide-4.9.0-api.jar;C:\Users\shayan\.gradle\caches\transforms-2\files-2.1\8b29f0ead22483b16
java_class_path (initial): C:\Users\shayan\.gradle\caches\modules-2\files-2.1\org.jetbrains.kotlin\kotlin-compiler-embeddable\1.3.50\1251c1768e5769b06c2487d6f6cf8acf6efb8960\kotlin-compiler-embeddable-1.3.50.jar;C:\Users\shayan\.gradle\caches\modules-2\files-2.1\org.jetbrains.kotlin\kotlin-reflect\1.3.50\b499f22fd7c3e9c2e5b6c4005221fa47fc7f9a7a\kotlin-reflect-1.3.50.jar;C:\Users\shayan\.gradle\caches\modules-2\files-2.1\org.jetbrains.kotlin\kotlin-stdlib\1.3.50\b529d1738c7e98bbfa36a4134039528f2ce78ebf\kotlin-stdlib-1.3.50.jar;C:\Users\shayan\.gradle\caches\modules-2\files-2.1\org.jetbrains.kotlin\kotlin-script-runtime\1.3.50\59492b8dfb92522ba0ddb5dd1c4d0ef0a4fca1af\kotlin-script-runtime-1.3.50.jar;C:\Users\shayan\.gradle\caches\modules-2\files-2.1\org.jetbrains.kotlin\kotlin-daemon-embeddable\1.3.50\5cb93bb33f4c6f833ead0beca4c831668e00cf52\kotlin-daemon-embeddable-1.3.50.jar;C:\Users\shayan\.gradle\caches\modules-2\files-2.1\org.jetbrains.intellij.deps\trove4j\1.0.20181211\216c2e14b070f334479d800987affe4054cd563f\trove4j-1.0.20181211.jar;C:\Users\shayan\.gradle\caches\modules-2\files-2.1\org.jetbrains.kotlin\kotlin-stdlib-common\1.3.50\3d9cd3e1bc7b92e95f43d45be3bfbcf38e36ab87\kotlin-stdlib-common-1.3.50.jar;C:\Users\shayan\.gradle\caches\modules-2\files-2.1\org.jetbrains\annotations\13.0\919f0dfe192fb4e063e7dacadee7f8bb9a2672a9\annotations-13.0.jar;C:\Program Files\Java\jdk1.8.0_131\lib\tools.jar
Launcher Type: SUN_STANDARD

Environment Variables:
JAVA_HOME=C:\Program Files\Java\jdk1.8.0_131
PATH=C:\ProgramData\Oracle\Java\javapath;C:\WINDOWS\system32;C:\WINDOWS;C:\WINDOWS\System32\Wbem;C:\WINDOWS\System32\WindowsPowerShell\v1.0\;C:\Users\shayan\Downloads\Compressed\apache-maven-3.5.2-bin\bin;C:\Program Files\PuTTY\;C:\Program Files\Git\cmd;C:\WINDOWS\System32\OpenSSH\;C:\Program Files\Microsoft VS Code\bin;C:\Program Files\nodejs\;C:\Program Files (x86)\Skype\Phone\;C:\Users\shayan\AppData\Local\Microsoft\WindowsApps;C:\Program Files\Microsoft VS Code\bin;C:\Users\shayan\AppData\Roaming\npm;
USERNAME=shayan
OS=Windows_NT
PROCESSOR_IDENTIFIER=Intel64 Family 6 Model 61 Stepping 4, GenuineIntel



---------------  S Y S T E M  ---------------

OS: Windows 10.0 , 64 bit Build 18362 (10.0.18362.329)

CPU:total 4 (initial active 4) (2 cores per cpu, 2 threads per core) family 6 model 61 stepping 4, cmov, cx8, fxsr, mmx, sse, sse2, sse3, ssse3, sse4.1, sse4.2, popcnt, avx, avx2, aes, clmul, erms, 3dnowpref, lzcnt, ht, tsc, tscinvbit, bmi1, bmi2, adx

Memory: 4k page, physical 8297884k(706924k free), swap 10755484k(5240k free)

vm_info: Java HotSpot(TM) 64-Bit Server VM (25.131-b11) for windows-amd64 JRE (1.8.0_131-b11), built on Mar 15 2017 01:23:53 by "java_re" with MS VC++ 10.0 (VS2010)

time: Sat Nov 30 19:35:49 2019
elapsed time: 7 seconds (0d 0h 0m 7s)

