#
# There is insufficient memory for the Java Runtime Environment to continue.
# Native memory allocation (malloc) failed to allocate 1054048 bytes for Chunk::new
# Possible reasons:
#   The system is out of physical RAM or swap space
#   In 32 bit mode, the process size limit was hit
# Possible solutions:
#   Reduce memory load on the system
#   Increase physical memory or swap space
#   Check if swap backing store is full
#   Use 64 bit Java on a 64 bit OS
#   Decrease Java heap size (-Xmx/-Xms)
#   Decrease number of Java threads
#   Decrease Java thread stack sizes (-Xss)
#   Set larger code cache with -XX:ReservedCodeCacheSize=
# This output file may be truncated or incomplete.
#
#  Out of Memory Error (allocation.cpp:390), pid=7872, tid=0x0000000000001fb0
#
# JRE version: Java(TM) SE Runtime Environment (8.0_131-b11) (build 1.8.0_131-b11)
# Java VM: Java HotSpot(TM) 64-Bit Server VM (25.131-b11 mixed mode windows-amd64 compressed oops)
# Failed to write core dump. Minidumps are not enabled by default on client versions of Windows
#

---------------  T H R E A D  ---------------

Current thread (0x00000000171d7800):  JavaThread "C2 CompilerThread0" daemon [_thread_in_native, id=8112, stack(0x0000000018840000,0x0000000018940000)]

Stack: [0x0000000018840000,0x0000000018940000]
[error occurred during error reporting (printing stack bounds), id 0xc0000005]

Native frames: (J=compiled Java code, j=interpreted, Vv=VM code, C=native code)


Current CompileTask:
C2:   9133 4198       4       org.jetbrains.org.objectweb.asm.ClassReader::readMethod (1047 bytes)


---------------  P R O C E S S  ---------------

Java Threads: ( => current thread )
  0x0000000017220800 JavaThread "Service Thread" daemon [_thread_blocked, id=11652, stack(0x0000000018f40000,0x0000000019040000)]
  0x00000000171e3800 JavaThread "C1 CompilerThread2" daemon [_thread_blocked, id=6400, stack(0x0000000018a40000,0x0000000018b40000)]
  0x00000000171e0000 JavaThread "C2 CompilerThread1" daemon [_thread_blocked, id=10200, stack(0x0000000018940000,0x0000000018a40000)]
=>0x00000000171d7800 JavaThread "C2 CompilerThread0" daemon [_thread_in_native, id=8112, stack(0x0000000018840000,0x0000000018940000)]
  0x00000000171d6000 JavaThread "Attach Listener" daemon [_thread_blocked, id=11732, stack(0x0000000018740000,0x0000000018840000)]
  0x00000000171d5000 JavaThread "Signal Dispatcher" daemon [_thread_blocked, id=11316, stack(0x0000000018640000,0x0000000018740000)]
  0x00000000171c1800 JavaThread "Finalizer" daemon [_thread_blocked, id=11360, stack(0x0000000018440000,0x0000000018540000)]
  0x0000000017199000 JavaThread "Reference Handler" daemon [_thread_blocked, id=11088, stack(0x0000000018340000,0x0000000018440000)]
  0x000000000257b000 JavaThread "main" [_thread_in_vm, id=3924, stack(0x0000000002410000,0x0000000002510000)]

Other Threads:
  0x0000000017197000 VMThread [stack: 0x0000000018240000,0x0000000018340000] [id=1724]
  0x0000000017224000 WatcherThread [stack: 0x0000000019040000,0x0000000019140000] [id=10096]

VM state:not at safepoint (normal execution)

VM Mutex/Monitor currently owned by a thread: None

Heap:
 PSYoungGen      total 84992K, used 22369K [0x00000000d5d00000, 0x00000000de200000, 0x0000000100000000)
  eden space 69632K, 10% used [0x00000000d5d00000,0x00000000d63db408,0x00000000da100000)
  from space 15360K, 99% used [0x00000000da100000,0x00000000daffd0c8,0x00000000db000000)
  to   space 20480K, 0% used [0x00000000dce00000,0x00000000dce00000,0x00000000de200000)
 ParOldGen       total 66048K, used 30744K [0x0000000081600000, 0x0000000085680000, 0x00000000d5d00000)
  object space 66048K, 46% used [0x0000000081600000,0x0000000083406068,0x0000000085680000)
 Metaspace       used 43956K, capacity 44634K, committed 45056K, reserved 1089536K
  class space    used 5615K, capacity 5790K, committed 5888K, reserved 1048576K

Card table byte_map: [0x0000000011a30000,0x0000000011e30000] byte_map_base: 0x0000000011625000

Marking Bits: (ParMarkBitMap*) 0x00000000579ec720
 Begin Bits: [0x00000000124e0000, 0x0000000014488000)
 End Bits:   [0x0000000014488000, 0x0000000016430000)

Polling page: 0x00000000023e0000

CodeCache: size=245760Kb used=14143Kb max_used=14143Kb free=231617Kb
 bounds [0x0000000002670000, 0x0000000003450000, 0x0000000011670000]
 total_blobs=4773 nmethods=4320 adapters=365
 compilation: enabled

Compilation events (10 events):
Event: 9.107 Thread 0x00000000171e3800 4358       3       jdk.internal.org.objectweb.asm.ClassWriter::newFieldItem (77 bytes)
Event: 9.108 Thread 0x00000000171e3800 nmethod 4358 0x0000000003448410 code [0x0000000003448600, 0x0000000003448c18]
Event: 9.116 Thread 0x00000000171e3800 4360       3       kotlin.jvm.internal.PropertyReference::<init> (5 bytes)
Event: 9.117 Thread 0x00000000171e3800 nmethod 4360 0x0000000003449010 code [0x0000000003449180, 0x0000000003449410]
Event: 9.117 Thread 0x00000000171e3800 4361       3       kotlin.reflect.jvm.internal.ReflectionFactoryImpl::getOwner (23 bytes)
Event: 9.117 Thread 0x00000000171e3800 nmethod 4361 0x0000000003449550 code [0x00000000034496e0, 0x0000000003449b88]
Event: 9.117 Thread 0x00000000171e3800 4362       3       kotlin.reflect.jvm.internal.KPropertyImpl::<init> (29 bytes)
Event: 9.118 Thread 0x00000000171e3800 nmethod 4362 0x0000000003449c90 code [0x0000000003449e40, 0x000000000344a278]
Event: 9.129 Thread 0x00000000171e3800 4363       3       java.util.ArrayList$SubList::size (9 bytes)
Event: 9.129 Thread 0x00000000171e3800 nmethod 4363 0x000000000344a490 code [0x000000000344a600, 0x000000000344a8c8]

GC Heap History (10 events):
Event: 3.562 GC heap before
{Heap before GC invocations=5 (full 1):
 PSYoungGen      total 38400K, used 33280K [0x00000000d5d00000, 0x00000000da800000, 0x0000000100000000)
  eden space 33280K, 100% used [0x00000000d5d00000,0x00000000d7d80000,0x00000000d7d80000)
  from space 5120K, 0% used [0x00000000d7d80000,0x00000000d7d80000,0x00000000d8280000)
  to   space 5120K, 0% used [0x00000000da300000,0x00000000da300000,0x00000000da800000)
 ParOldGen       total 66048K, used 8435K [0x0000000081600000, 0x0000000085680000, 0x00000000d5d00000)
  object space 66048K, 12% used [0x0000000081600000,0x0000000081e3cd88,0x0000000085680000)
 Metaspace       used 23940K, capacity 24430K, committed 24704K, reserved 1071104K
  class space    used 2956K, capacity 3089K, committed 3200K, reserved 1048576K
Event: 3.582 GC heap after
Heap after GC invocations=5 (full 1):
 PSYoungGen      total 53248K, used 5098K [0x00000000d5d00000, 0x00000000da800000, 0x0000000100000000)
  eden space 48128K, 0% used [0x00000000d5d00000,0x00000000d5d00000,0x00000000d8c00000)
  from space 5120K, 99% used [0x00000000da300000,0x00000000da7faa18,0x00000000da800000)
  to   space 5120K, 0% used [0x00000000d9e00000,0x00000000d9e00000,0x00000000da300000)
 ParOldGen       total 66048K, used 10535K [0x0000000081600000, 0x0000000085680000, 0x00000000d5d00000)
  object space 66048K, 15% used [0x0000000081600000,0x0000000082049c38,0x0000000085680000)
 Metaspace       used 23940K, capacity 24430K, committed 24704K, reserved 1071104K
  class space    used 2956K, capacity 3089K, committed 3200K, reserved 1048576K
}
Event: 4.971 GC heap before
{Heap before GC invocations=6 (full 1):
 PSYoungGen      total 53248K, used 53226K [0x00000000d5d00000, 0x00000000da800000, 0x0000000100000000)
  eden space 48128K, 100% used [0x00000000d5d00000,0x00000000d8c00000,0x00000000d8c00000)
  from space 5120K, 99% used [0x00000000da300000,0x00000000da7faa18,0x00000000da800000)
  to   space 5120K, 0% used [0x00000000d9e00000,0x00000000d9e00000,0x00000000da300000)
 ParOldGen       total 66048K, used 10535K [0x0000000081600000, 0x0000000085680000, 0x00000000d5d00000)
  object space 66048K, 15% used [0x0000000081600000,0x0000000082049c38,0x0000000085680000)
 Metaspace       used 31969K, capacity 32470K, committed 32768K, reserved 1077248K
  class space    used 4141K, capacity 4282K, committed 4352K, reserved 1048576K
Event: 4.991 GC heap after
Heap after GC invocations=6 (full 1):
 PSYoungGen      total 71680K, used 5090K [0x00000000d5d00000, 0x00000000dbf80000, 0x0000000100000000)
  eden space 66560K, 0% used [0x00000000d5d00000,0x00000000d5d00000,0x00000000d9e00000)
  from space 5120K, 99% used [0x00000000d9e00000,0x00000000da2f8908,0x00000000da300000)
  to   space 15872K, 0% used [0x00000000db000000,0x00000000db000000,0x00000000dbf80000)
 ParOldGen       total 66048K, used 22175K [0x0000000081600000, 0x0000000085680000, 0x00000000d5d00000)
  object space 66048K, 33% used [0x0000000081600000,0x0000000082ba7f98,0x0000000085680000)
 Metaspace       used 31969K, capacity 32470K, committed 32768K, reserved 1077248K
  class space    used 4141K, capacity 4282K, committed 4352K, reserved 1048576K
}
Event: 5.520 GC heap before
{Heap before GC invocations=7 (full 1):
 PSYoungGen      total 71680K, used 18452K [0x00000000d5d00000, 0x00000000dbf80000, 0x0000000100000000)
  eden space 66560K, 20% used [0x00000000d5d00000,0x00000000d6a0c7c0,0x00000000d9e00000)
  from space 5120K, 99% used [0x00000000d9e00000,0x00000000da2f8908,0x00000000da300000)
  to   space 15872K, 0% used [0x00000000db000000,0x00000000db000000,0x00000000dbf80000)
 ParOldGen       total 66048K, used 22175K [0x0000000081600000, 0x0000000085680000, 0x00000000d5d00000)
  object space 66048K, 33% used [0x0000000081600000,0x0000000082ba7f98,0x0000000085680000)
 Metaspace       used 34792K, capacity 35302K, committed 35456K, reserved 1079296K
  class space    used 4544K, capacity 4684K, committed 4736K, reserved 1048576K
Event: 5.533 GC heap after
Heap after GC invocations=7 (full 1):
 PSYoungGen      total 85504K, used 8344K [0x00000000d5d00000, 0x00000000dda00000, 0x0000000100000000)
  eden space 69632K, 0% used [0x00000000d5d00000,0x00000000d5d00000,0x00000000da100000)
  from space 15872K, 52% used [0x00000000db000000,0x00000000db826140,0x00000000dbf80000)
  to   space 15360K, 0% used [0x00000000da100000,0x00000000da100000,0x00000000db000000)
 ParOldGen       total 66048K, used 22183K [0x0000000081600000, 0x0000000085680000, 0x00000000d5d00000)
  object space 66048K, 33% used [0x0000000081600000,0x0000000082ba9f98,0x0000000085680000)
 Metaspace       used 34792K, capacity 35302K, committed 35456K, reserved 1079296K
  class space    used 4544K, capacity 4684K, committed 4736K, reserved 1048576K
}
Event: 5.533 GC heap before
{Heap before GC invocations=8 (full 2):
 PSYoungGen      total 85504K, used 8344K [0x00000000d5d00000, 0x00000000dda00000, 0x0000000100000000)
  eden space 69632K, 0% used [0x00000000d5d00000,0x00000000d5d00000,0x00000000da100000)
  from space 15872K, 52% used [0x00000000db000000,0x00000000db826140,0x00000000dbf80000)
  to   space 15360K, 0% used [0x00000000da100000,0x00000000da100000,0x00000000db000000)
 ParOldGen       total 66048K, used 22183K [0x0000000081600000, 0x0000000085680000, 0x00000000d5d00000)
  object space 66048K, 33% used [0x0000000081600000,0x0000000082ba9f98,0x0000000085680000)
 Metaspace       used 34792K, capacity 35302K, committed 35456K, reserved 1079296K
  class space    used 4544K, capacity 4684K, committed 4736K, reserved 1048576K
Event: 5.646 GC heap after
Heap after GC invocations=8 (full 2):
 PSYoungGen      total 85504K, used 0K [0x00000000d5d00000, 0x00000000dda00000, 0x0000000100000000)
  eden space 69632K, 0% used [0x00000000d5d00000,0x00000000d5d00000,0x00000000da100000)
  from space 15872K, 0% used [0x00000000db000000,0x00000000db000000,0x00000000dbf80000)
  to   space 15360K, 0% used [0x00000000da100000,0x00000000da100000,0x00000000db000000)
 ParOldGen       total 66048K, used 25042K [0x0000000081600000, 0x0000000085680000, 0x00000000d5d00000)
  object space 66048K, 37% used [0x0000000081600000,0x0000000082e74b68,0x0000000085680000)
 Metaspace       used 34792K, capacity 35302K, committed 35456K, reserved 1079296K
  class space    used 4544K, capacity 4684K, committed 4736K, reserved 1048576K
}
Event: 8.769 GC heap before
{Heap before GC invocations=9 (full 2):
 PSYoungGen      total 85504K, used 69632K [0x00000000d5d00000, 0x00000000dda00000, 0x0000000100000000)
  eden space 69632K, 100% used [0x00000000d5d00000,0x00000000da100000,0x00000000da100000)
  from space 15872K, 0% used [0x00000000db000000,0x00000000db000000,0x00000000dbf80000)
  to   space 15360K, 0% used [0x00000000da100000,0x00000000da100000,0x00000000db000000)
 ParOldGen       total 66048K, used 25042K [0x0000000081600000, 0x0000000085680000, 0x00000000d5d00000)
  object space 66048K, 37% used [0x0000000081600000,0x0000000082e74b68,0x0000000085680000)
 Metaspace       used 43178K, capacity 43894K, committed 44160K, reserved 1087488K
  class space    used 5528K, capacity 5718K, committed 5760K, reserved 1048576K
Event: 8.813 GC heap after
Heap after GC invocations=9 (full 2):
 PSYoungGen      total 84992K, used 15348K [0x00000000d5d00000, 0x00000000de200000, 0x0000000100000000)
  eden space 69632K, 0% used [0x00000000d5d00000,0x00000000d5d00000,0x00000000da100000)
  from space 15360K, 99% used [0x00000000da100000,0x00000000daffd0c8,0x00000000db000000)
  to   space 20480K, 0% used [0x00000000dce00000,0x00000000dce00000,0x00000000de200000)
 ParOldGen       total 66048K, used 30744K [0x0000000081600000, 0x0000000085680000, 0x00000000d5d00000)
  object space 66048K, 46% used [0x0000000081600000,0x0000000083406068,0x0000000085680000)
 Metaspace       used 43178K, capacity 43894K, committed 44160K, reserved 1087488K
  class space    used 5528K, capacity 5718K, committed 5760K, reserved 1048576K
}

Deoptimization events (10 events):
Event: 8.912 Thread 0x000000000257b000 Uncommon trap: reason=class_check action=maybe_recompile pc=0x000000000336a384 method=org.jetbrains.kotlin.storage.LockBasedStorageManager$LockBasedLazyValue.invoke()Ljava/lang/Object; @ 24
Event: 8.912 Thread 0x000000000257b000 Uncommon trap: reason=class_check action=maybe_recompile pc=0x000000000336a384 method=org.jetbrains.kotlin.storage.LockBasedStorageManager$LockBasedLazyValue.invoke()Ljava/lang/Object; @ 24
Event: 8.913 Thread 0x000000000257b000 Uncommon trap: reason=class_check action=maybe_recompile pc=0x0000000003337240 method=org.jetbrains.kotlin.storage.LockBasedStorageManager$LockBasedLazyValue.invoke()Ljava/lang/Object; @ 24
Event: 9.003 Thread 0x000000000257b000 Uncommon trap: reason=null_check action=make_not_entrant pc=0x0000000003406000 method=org.jetbrains.kotlin.storage.LockBasedStorageManager$LockBasedLazyValue.invoke()Ljava/lang/Object; @ 6
Event: 9.003 Thread 0x000000000257b000 Uncommon trap: reason=null_check action=make_not_entrant pc=0x00000000032f3bb8 method=org.jetbrains.kotlin.utils.WrappedValues.unescapeThrowable(Ljava/lang/Object;)Ljava/lang/Object; @ 1
Event: 9.008 Thread 0x000000000257b000 Uncommon trap: reason=unstable_if action=reinterpret pc=0x00000000030e5918 method=gnu.trove.TObjectHash.insertionIndex(Ljava/lang/Object;)I @ 65
Event: 9.016 Thread 0x000000000257b000 Uncommon trap: reason=bimorphic action=maybe_recompile pc=0x0000000003418294 method=org.jetbrains.kotlin.resolve.DescriptorUtils.getFqNameSafeIfPossible(Lorg/jetbrains/kotlin/descriptors/DeclarationDescriptor;)Lorg/jetbrains/kotlin/name/FqName; @ 54
Event: 9.017 Thread 0x000000000257b000 Uncommon trap: reason=bimorphic action=maybe_recompile pc=0x0000000003418294 method=org.jetbrains.kotlin.resolve.DescriptorUtils.getFqNameSafeIfPossible(Lorg/jetbrains/kotlin/descriptors/DeclarationDescriptor;)Lorg/jetbrains/kotlin/name/FqName; @ 54
Event: 9.024 Thread 0x000000000257b000 Uncommon trap: reason=unstable_if action=reinterpret pc=0x0000000002ee6174 method=gnu.trove.TObjectHash.insertionIndex(Ljava/lang/Object;)I @ 65
Event: 9.125 Thread 0x000000000257b000 Uncommon trap: reason=unstable_if action=reinterpret pc=0x00000000031a88f0 method=org.jetbrains.kotlin.name.Name.hashCode()I @ 16

Internal exceptions (10 events):
Event: 4.082 Thread 0x000000000257b000 Exception <a 'java/lang/ArrayIndexOutOfBoundsException'> (0x00000000d6e74378) thrown at [C:\re\workspace\8-2-build-windows-amd64-cygwin\jdk8u131\8869\hotspot\src\share\vm\runtime\sharedRuntime.cpp, line 605]
Event: 5.194 Thread 0x000000000257b000 Exception <a 'java/lang/NoSuchMethodError': java.lang.Object.lambda$static$0(I)[Lorg/jetbrains/kotlin/psi/KtExpression;> (0x00000000d62b3388) thrown at [C:\re\workspace\8-2-build-windows-amd64-cygwin\jdk8u131\8869\hotspot\src\share\vm\interpreter\linkReso
Event: 6.552 Thread 0x000000000257b000 Exception <a 'java/lang/NoSuchMethodError': java.lang.Object.lambda$static$0(I)[Lorg/jetbrains/kotlin/com/intellij/psi/PsiClass;> (0x00000000d7590138) thrown at [C:\re\workspace\8-2-build-windows-amd64-cygwin\jdk8u131\8869\hotspot\src\share\vm\interpreter
Event: 7.013 Thread 0x000000000257b000 Exception <a 'java/lang/NoSuchMethodError': java.lang.Object.lambda$static$0(I)[Lorg/jetbrains/kotlin/com/intellij/psi/PsiReference;> (0x00000000d7ba7b78) thrown at [C:\re\workspace\8-2-build-windows-amd64-cygwin\jdk8u131\8869\hotspot\src\share\vm\interpr
Event: 7.023 Thread 0x000000000257b000 Exception <a 'java/lang/NoSuchMethodError': java.lang.Object.lambda$static$0(I)[Lorg/jetbrains/kotlin/com/intellij/psi/PsiTypeElement;> (0x00000000d7bdd798) thrown at [C:\re\workspace\8-2-build-windows-amd64-cygwin\jdk8u131\8869\hotspot\src\share\vm\inter
Event: 7.216 Thread 0x000000000257b000 Exception <a 'java/lang/NoSuchMethodError': java.lang.Object.lambda$static$0(I)[Lorg/jetbrains/kotlin/com/intellij/psi/PsiTypeParameter;> (0x00000000d8194160) thrown at [C:\re\workspace\8-2-build-windows-amd64-cygwin\jdk8u131\8869\hotspot\src\share\vm\int
Event: 7.305 Thread 0x000000000257b000 Exception <a 'java/lang/NoSuchMethodError': java.lang.Object.lambda$static$0(I)[Lorg/jetbrains/kotlin/psi/KtDeclaration;> (0x00000000d83d7368) thrown at [C:\re\workspace\8-2-build-windows-amd64-cygwin\jdk8u131\8869\hotspot\src\share\vm\interpreter\linkRes
Event: 7.318 Thread 0x000000000257b000 Exception <a 'java/lang/NoSuchMethodError': java.lang.Object.lambda$static$0(I)[Lorg/jetbrains/kotlin/psi/KtTypeElement;> (0x00000000d8410b30) thrown at [C:\re\workspace\8-2-build-windows-amd64-cygwin\jdk8u131\8869\hotspot\src\share\vm\interpreter\linkRes
Event: 9.003 Thread 0x000000000257b000 Implicit null exception at 0x0000000003405cd4 to 0x0000000003405ff1
Event: 9.003 Thread 0x000000000257b000 Implicit null exception at 0x00000000032f3b6f to 0x00000000032f3bad

Events (10 events):
Event: 9.126 loading class org/jetbrains/kotlin/contracts/parsing/ContractsDslNames
Event: 9.126 loading class org/jetbrains/kotlin/contracts/parsing/ContractsDslNames done
Event: 9.127 loading class org/jetbrains/kotlin/synthetic/SyntheticJavaPropertyDescriptor
Event: 9.127 loading class org/jetbrains/kotlin/synthetic/SyntheticJavaPropertyDescriptor done
Event: 9.128 loading class org/jetbrains/kotlin/descriptors/SyntheticPropertyDescriptor
Event: 9.128 loading class org/jetbrains/kotlin/descriptors/SyntheticPropertyDescriptor done
Event: 9.128 loading class org/jetbrains/kotlin/synthetic/SamAdapterExtensionFunctionDescriptor
Event: 9.128 loading class org/jetbrains/kotlin/synthetic/SamAdapterExtensionFunctionDescriptor done
Event: 9.130 loading class org/jetbrains/kotlin/js/resolve/ModuleAnnotationsKt
Event: 9.130 loading class org/jetbrains/kotlin/js/resolve/ModuleAnnotationsKt done


Dynamic libraries:
0x00007ff6e2cb0000 - 0x00007ff6e2ce7000 	C:\Program Files\Java\jdk1.8.0_131\jre\bin\java.exe
0x00007ff8b3760000 - 0x00007ff8b3950000 	C:\WINDOWS\SYSTEM32\ntdll.dll
0x00007ff8b33f0000 - 0x00007ff8b34a2000 	C:\WINDOWS\System32\KERNEL32.DLL
0x00007ff8b0cc0000 - 0x00007ff8b0f63000 	C:\WINDOWS\System32\KERNELBASE.dll
0x00007ff8b1890000 - 0x00007ff8b1933000 	C:\WINDOWS\System32\ADVAPI32.dll
0x00007ff8b19c0000 - 0x00007ff8b1a5e000 	C:\WINDOWS\System32\msvcrt.dll
0x00007ff8b1ea0000 - 0x00007ff8b1f37000 	C:\WINDOWS\System32\sechost.dll
0x00007ff8b1a90000 - 0x00007ff8b1bb0000 	C:\WINDOWS\System32\RPCRT4.dll
0x00007ff8b2210000 - 0x00007ff8b23a4000 	C:\WINDOWS\System32\USER32.dll
0x00007ff8b0720000 - 0x00007ff8b0741000 	C:\WINDOWS\System32\win32u.dll
0x00007ff8b1a60000 - 0x00007ff8b1a86000 	C:\WINDOWS\System32\GDI32.dll
0x00007ff8b0b20000 - 0x00007ff8b0cb4000 	C:\WINDOWS\System32\gdi32full.dll
0x00007ff8b0930000 - 0x00007ff8b09ce000 	C:\WINDOWS\System32\msvcp_win.dll
0x00007ff8b07d0000 - 0x00007ff8b08ca000 	C:\WINDOWS\System32\ucrtbase.dll
0x00007ff8a3fa0000 - 0x00007ff8a4225000 	C:\WINDOWS\WinSxS\amd64_microsoft.windows.common-controls_6595b64144ccf1df_6.0.18362.476_none_e6c4b11b130f2595\COMCTL32.dll
0x00007ff8b23b0000 - 0x00007ff8b26e6000 	C:\WINDOWS\System32\combase.dll
0x00007ff8b0750000 - 0x00007ff8b07d0000 	C:\WINDOWS\System32\bcryptPrimitives.dll
0x00007ff8b1be0000 - 0x00007ff8b1c0e000 	C:\WINDOWS\System32\IMM32.DLL
0x0000000057a70000 - 0x0000000057b42000 	C:\Program Files\Java\jdk1.8.0_131\jre\bin\msvcr100.dll
0x00000000571d0000 - 0x0000000057a6c000 	C:\Program Files\Java\jdk1.8.0_131\jre\bin\server\jvm.dll
0x00007ff8b1bd0000 - 0x00007ff8b1bd8000 	C:\WINDOWS\System32\PSAPI.DLL
0x00007ff8ae230000 - 0x00007ff8ae254000 	C:\WINDOWS\SYSTEM32\WINMM.dll
0x00007ff8a4d90000 - 0x00007ff8a4d9a000 	C:\WINDOWS\SYSTEM32\VERSION.dll
0x00007ff8a4b30000 - 0x00007ff8a4b39000 	C:\WINDOWS\SYSTEM32\WSOCK32.dll
0x00007ff8b34c0000 - 0x00007ff8b352f000 	C:\WINDOWS\System32\WS2_32.dll
0x00007ff8ae200000 - 0x00007ff8ae22d000 	C:\WINDOWS\SYSTEM32\winmmbase.dll
0x00007ff8b0f90000 - 0x00007ff8b0fda000 	C:\WINDOWS\System32\cfgmgr32.dll
0x00000000571c0000 - 0x00000000571cf000 	C:\Program Files\Java\jdk1.8.0_131\jre\bin\verify.dll
0x0000000057190000 - 0x00000000571b9000 	C:\Program Files\Java\jdk1.8.0_131\jre\bin\java.dll
0x0000000057170000 - 0x0000000057186000 	C:\Program Files\Java\jdk1.8.0_131\jre\bin\zip.dll
0x00007ff8b2830000 - 0x00007ff8b2f15000 	C:\WINDOWS\System32\SHELL32.dll
0x00007ff8b2160000 - 0x00007ff8b2209000 	C:\WINDOWS\System32\shcore.dll
0x00007ff8b1090000 - 0x00007ff8b180e000 	C:\WINDOWS\System32\windows.storage.dll
0x00007ff8b06d0000 - 0x00007ff8b06ef000 	C:\WINDOWS\System32\profapi.dll
0x00007ff8b0660000 - 0x00007ff8b06aa000 	C:\WINDOWS\System32\powrprof.dll
0x00007ff8b0630000 - 0x00007ff8b0640000 	C:\WINDOWS\System32\UMPDC.dll
0x00007ff8b1c10000 - 0x00007ff8b1c62000 	C:\WINDOWS\System32\shlwapi.dll
0x00007ff8b0640000 - 0x00007ff8b0651000 	C:\WINDOWS\System32\kernel.appcore.dll
0x00007ff8b0f70000 - 0x00007ff8b0f87000 	C:\WINDOWS\System32\cryptsp.dll
0x0000000057150000 - 0x000000005716a000 	C:\Program Files\Java\jdk1.8.0_131\jre\bin\net.dll
0x00007ff8afe40000 - 0x00007ff8afea7000 	C:\WINDOWS\system32\mswsock.dll
0x0000000057130000 - 0x0000000057141000 	C:\Program Files\Java\jdk1.8.0_131\jre\bin\nio.dll

VM Arguments:
java_command: org.jetbrains.kotlin.cli.jvm.K2JVMCompiler -Xallow-no-source-files -classpath C:\Users\shayan\.gradle\caches\modules-2\files-2.1\org.glassfish\javax.annotation\10.0-b28\30eb3b3cc9cb0863a4edaea5a7575f8ace1b96ba\javax.annotation-10.0-b28.jar;C:\Users\shayan\.gradle\caches\modules-2\files-2.1\org.jetbrains.kotlin\kotlin-android-extensions-runtime\1.3.50\bec16087637a7cafe54894e73d38037977cb30d2\kotlin-android-extensions-runtime-1.3.50.jar;C:\Users\shayan\.gradle\caches\modules-2\files-2.1\org.jetbrains.kotlin\kotlin-stdlib-jdk7\1.3.50\50ad05ea1c2595fb31b800e76db464d08d599af3\kotlin-stdlib-jdk7-1.3.50.jar;C:\Users\shayan\.gradle\caches\transforms-2\files-2.1\b45ac6bc9b8d92a22e4e905e5139e1f4\core-ktx-1.1.0-api.jar;C:\Users\shayan\.gradle\caches\modules-2\files-2.1\org.jetbrains.kotlin\kotlin-stdlib\1.3.50\b529d1738c7e98bbfa36a4134039528f2ce78ebf\kotlin-stdlib-1.3.50.jar;C:\Users\shayan\.gradle\caches\modules-2\files-2.1\org.jetbrains.kotlin\kotlin-stdlib-common\1.3.50\3d9cd3e1bc7b92e95f43d45be3bfbcf38e36ab87\kotlin-stdlib-common-1.3.50.jar;C:\Users\shayan\.gradle\caches\modules-2\files-2.1\org.jetbrains\annotations\13.0\919f0dfe192fb4e063e7dacadee7f8bb9a2672a9\annotations-13.0.jar;C:\Users\shayan\.gradle\caches\transforms-2\files-2.1\b31487d4183ab8e3ce1aacbea123e3bc\material-1.0.0-api.jar;C:\Users\shayan\.gradle\caches\transforms-2\files-2.1\de54a495b5e352a48e76a1729b0efb28\jetified-dagger-android-support-2.13-api.jar;C:\Users\shayan\.gradle\caches\transforms-2\files-2.1\030fce577f266572cfe590c57ed3b736\appcompat-1.1.0-api.jar;C:\Users\shayan\.gradle\caches\transforms-2\files-2.1\dfef0380a3c9cb498f787e8ee6914794\jetified-okhttp3-integration-4.4.0.jar;C:\Users\shayan\.gradle\caches\transforms-2\files-2.1\8168d68a9a06dde50ef357899a3ef64c\jetified-dagger-android-2.15-api.jar;C:\Users\shayan\.gradle\caches\transforms-2\files-2.1\8bb302a4743c63011bd0c04bd16a8b7a\jetified-glide-4.9.0-api.jar;C:\Users\shayan\.gradle\caches\transforms-2\files-2.1\8b29f0ead22483b16
java_class_path (initial): C:\Users\shayan\.gradle\caches\modules-2\files-2.1\org.jetbrains.kotlin\kotlin-compiler-embeddable\1.3.50\1251c1768e5769b06c2487d6f6cf8acf6efb8960\kotlin-compiler-embeddable-1.3.50.jar;C:\Users\shayan\.gradle\caches\modules-2\files-2.1\org.jetbrains.kotlin\kotlin-reflect\1.3.50\b499f22fd7c3e9c2e5b6c4005221fa47fc7f9a7a\kotlin-reflect-1.3.50.jar;C:\Users\shayan\.gradle\caches\modules-2\files-2.1\org.jetbrains.kotlin\kotlin-stdlib\1.3.50\b529d1738c7e98bbfa36a4134039528f2ce78ebf\kotlin-stdlib-1.3.50.jar;C:\Users\shayan\.gradle\caches\modules-2\files-2.1\org.jetbrains.kotlin\kotlin-script-runtime\1.3.50\59492b8dfb92522ba0ddb5dd1c4d0ef0a4fca1af\kotlin-script-runtime-1.3.50.jar;C:\Users\shayan\.gradle\caches\modules-2\files-2.1\org.jetbrains.kotlin\kotlin-daemon-embeddable\1.3.50\5cb93bb33f4c6f833ead0beca4c831668e00cf52\kotlin-daemon-embeddable-1.3.50.jar;C:\Users\shayan\.gradle\caches\modules-2\files-2.1\org.jetbrains.intellij.deps\trove4j\1.0.20181211\216c2e14b070f334479d800987affe4054cd563f\trove4j-1.0.20181211.jar;C:\Users\shayan\.gradle\caches\modules-2\files-2.1\org.jetbrains.kotlin\kotlin-stdlib-common\1.3.50\3d9cd3e1bc7b92e95f43d45be3bfbcf38e36ab87\kotlin-stdlib-common-1.3.50.jar;C:\Users\shayan\.gradle\caches\modules-2\files-2.1\org.jetbrains\annotations\13.0\919f0dfe192fb4e063e7dacadee7f8bb9a2672a9\annotations-13.0.jar;C:\Program Files\Java\jdk1.8.0_131\lib\tools.jar
Launcher Type: SUN_STANDARD

Environment Variables:
JAVA_HOME=C:\Program Files\Java\jdk1.8.0_131
PATH=C:\ProgramData\Oracle\Java\javapath;C:\WINDOWS\system32;C:\WINDOWS;C:\WINDOWS\System32\Wbem;C:\WINDOWS\System32\WindowsPowerShell\v1.0\;C:\Users\shayan\Downloads\Compressed\apache-maven-3.5.2-bin\bin;C:\Program Files\PuTTY\;C:\Program Files\Git\cmd;C:\WINDOWS\System32\OpenSSH\;C:\Program Files\Microsoft VS Code\bin;C:\Program Files\nodejs\;C:\Program Files (x86)\Skype\Phone\;C:\Users\shayan\AppData\Local\Microsoft\WindowsApps;C:\Program Files\Microsoft VS Code\bin;C:\Users\shayan\AppData\Roaming\npm;
USERNAME=shayan
OS=Windows_NT
PROCESSOR_IDENTIFIER=Intel64 Family 6 Model 61 Stepping 4, GenuineIntel



---------------  S Y S T E M  ---------------

OS: Windows 10.0 , 64 bit Build 18362 (10.0.18362.329)

CPU:total 4 (initial active 4) (2 cores per cpu, 2 threads per core) family 6 model 61 stepping 4, cmov, cx8, fxsr, mmx, sse, sse2, sse3, ssse3, sse4.1, sse4.2, popcnt, avx, avx2, aes, clmul, erms, 3dnowpref, lzcnt, ht, tsc, tscinvbit, bmi1, bmi2, adx

Memory: 4k page, physical 8297884k(518756k free), swap 10755484k(5900k free)

vm_info: Java HotSpot(TM) 64-Bit Server VM (25.131-b11) for windows-amd64 JRE (1.8.0_131-b11), built on Mar 15 2017 01:23:53 by "java_re" with MS VC++ 10.0 (VS2010)

time: Sat Nov 30 19:29:44 2019
elapsed time: 9 seconds (0d 0h 0m 9s)

