#
# There is insufficient memory for the Java Runtime Environment to continue.
# Native memory allocation (malloc) failed to allocate 65552 bytes for Chunk::new
# Possible reasons:
#   The system is out of physical RAM or swap space
#   In 32 bit mode, the process size limit was hit
# Possible solutions:
#   Reduce memory load on the system
#   Increase physical memory or swap space
#   Check if swap backing store is full
#   Use 64 bit Java on a 64 bit OS
#   Decrease Java heap size (-Xmx/-Xms)
#   Decrease number of Java threads
#   Decrease Java thread stack sizes (-Xss)
#   Set larger code cache with -XX:ReservedCodeCacheSize=
# This output file may be truncated or incomplete.
#
#  Out of Memory Error (allocation.cpp:390), pid=11800, tid=0x00000000000014b8
#
# JRE version: Java(TM) SE Runtime Environment (8.0_131-b11) (build 1.8.0_131-b11)
# Java VM: Java HotSpot(TM) 64-Bit Server VM (25.131-b11 mixed mode windows-amd64 compressed oops)
# Failed to write core dump. Minidumps are not enabled by default on client versions of Windows
#

---------------  T H R E A D  ---------------

Current thread (0x0000000013ddd800):  JavaThread "C2 CompilerThread0" daemon [_thread_in_native, id=5304, stack(0x0000000015440000,0x0000000015540000)]

Stack: [0x0000000015440000,0x0000000015540000]
[error occurred during error reporting (printing stack bounds), id 0xc0000005]

Native frames: (J=compiled Java code, j=interpreted, Vv=VM code, C=native code)


Current CompileTask:
C2:   8082 1431   !   4       java.net.URLClassLoader$1::run (63 bytes)


---------------  P R O C E S S  ---------------

Java Threads: ( => current thread )
  0x0000000016fa2000 JavaThread "Cache worker for journal cache (C:\Users\shayan\.gradle\caches\journal-1)" [_thread_blocked, id=4188, stack(0x0000000018990000,0x0000000018a90000)]
  0x0000000016fa7000 JavaThread "File lock request listener" [_thread_in_native, id=10304, stack(0x0000000018890000,0x0000000018990000)]
  0x0000000016fa4000 JavaThread "Cache worker for file hash cache (C:\Users\shayan\.gradle\caches\5.4.1\fileHashes)" [_thread_blocked, id=2864, stack(0x0000000018790000,0x0000000018890000)]
  0x0000000016051800 JavaThread "Thread-9" [_thread_blocked, id=11076, stack(0x0000000018690000,0x0000000018790000)]
  0x0000000016050800 JavaThread "Stdin handler" [_thread_blocked, id=9644, stack(0x0000000018590000,0x0000000018690000)]
  0x0000000016050000 JavaThread "Asynchronous log dispatcher for DefaultDaemonConnection: socket connection from /127.0.0.1:55856 to /127.0.0.1:55857" [_thread_blocked, id=9332, stack(0x0000000018490000,0x0000000018590000)]
  0x0000000016074000 JavaThread "Daemon worker" [_thread_in_vm, id=11796, stack(0x0000000018390000,0x0000000018490000)]
  0x0000000016073800 JavaThread "Cancel handler" [_thread_blocked, id=10184, stack(0x0000000018290000,0x0000000018390000)]
  0x000000001598e000 JavaThread "Handler for socket connection from /127.0.0.1:55856 to /127.0.0.1:55857" [_thread_in_native, id=11524, stack(0x0000000017f90000,0x0000000018090000)]
  0x000000001598b800 JavaThread "Daemon" [_thread_blocked, id=8012, stack(0x0000000017e90000,0x0000000017f90000)]
  0x0000000016023800 JavaThread "Daemon periodic checks" [_thread_blocked, id=9768, stack(0x0000000017d90000,0x0000000017e90000)]
  0x00000000164f4000 JavaThread "Incoming local TCP Connector on port 55856" [_thread_in_native, id=8272, stack(0x0000000017b50000,0x0000000017c50000)]
  0x0000000016aa5000 JavaThread "Daemon health stats" [_thread_blocked, id=3568, stack(0x0000000017510000,0x0000000017610000)]
  0x0000000015768800 JavaThread "Service Thread" daemon [_thread_blocked, id=6696, stack(0x0000000015b40000,0x0000000015c40000)]
  0x0000000013de9800 JavaThread "C1 CompilerThread2" daemon [_thread_blocked, id=11276, stack(0x0000000015640000,0x0000000015740000)]
  0x0000000013de6000 JavaThread "C2 CompilerThread1" daemon [_thread_in_native, id=6940, stack(0x0000000015540000,0x0000000015640000)]
=>0x0000000013ddd800 JavaThread "C2 CompilerThread0" daemon [_thread_in_native, id=5304, stack(0x0000000015440000,0x0000000015540000)]
  0x0000000013ddc000 JavaThread "Attach Listener" daemon [_thread_blocked, id=4828, stack(0x0000000015340000,0x0000000015440000)]
  0x0000000013ddb000 JavaThread "Signal Dispatcher" daemon [_thread_blocked, id=11404, stack(0x0000000015240000,0x0000000015340000)]
  0x00000000029cc000 JavaThread "Finalizer" daemon [_thread_blocked, id=5612, stack(0x0000000015040000,0x0000000015140000)]
  0x00000000029c1000 JavaThread "Reference Handler" daemon [_thread_blocked, id=11940, stack(0x0000000014f40000,0x0000000015040000)]
  0x00000000028d0800 JavaThread "main" [_thread_blocked, id=3108, stack(0x0000000002760000,0x0000000002860000)]

Other Threads:
  0x0000000013da7000 VMThread [stack: 0x0000000014e40000,0x0000000014f40000] [id=3980]
  0x0000000015784800 WatcherThread [stack: 0x0000000015c40000,0x0000000015d40000] [id=1832]

VM state:not at safepoint (normal execution)

VM Mutex/Monitor currently owned by a thread: None

Heap:
 PSYoungGen      total 76288K, used 70682K [0x00000000f5580000, 0x00000000faa80000, 0x0000000100000000)
  eden space 65536K, 97% used [0x00000000f5580000,0x00000000f9417b88,0x00000000f9580000)
  from space 10752K, 61% used [0x00000000f9580000,0x00000000f9beedb0,0x00000000fa000000)
  to   space 10752K, 0% used [0x00000000fa000000,0x00000000fa000000,0x00000000faa80000)
 ParOldGen       total 175104K, used 8K [0x00000000e0000000, 0x00000000eab00000, 0x00000000f5580000)
  object space 175104K, 0% used [0x00000000e0000000,0x00000000e0002000,0x00000000eab00000)
 Metaspace       used 15322K, capacity 15696K, committed 16000K, reserved 1062912K
  class space    used 2228K, capacity 2360K, committed 2432K, reserved 1048576K

Card table byte_map: [0x0000000011e30000,0x0000000011f40000] byte_map_base: 0x0000000011730000

Marking Bits: (ParMarkBitMap*) 0x00000000579ec720
 Begin Bits: [0x0000000012340000, 0x0000000012b40000)
 End Bits:   [0x0000000012b40000, 0x0000000013340000)

Polling page: 0x0000000000ed0000

CodeCache: size=245760Kb used=5079Kb max_used=5079Kb free=240680Kb
 bounds [0x0000000002a70000, 0x0000000002f70000, 0x0000000011a70000]
 total_blobs=1825 nmethods=1438 adapters=300
 compilation: enabled

Compilation events (10 events):
Event: 7.927 Thread 0x0000000013de9800 1436       3       java.security.MessageDigest$Delegate::engineUpdate (11 bytes)
Event: 7.928 Thread 0x0000000013de9800 nmethod 1436 0x0000000002f65650 code [0x0000000002f657c0, 0x0000000002f659e8]
Event: 7.929 Thread 0x0000000013de9800 1437       3       java.util.concurrent.locks.ReentrantLock$NonfairSync::tryAcquire (6 bytes)
Event: 7.929 Thread 0x0000000013de9800 nmethod 1437 0x0000000002f65250 code [0x0000000002f653c0, 0x0000000002f655c8]
Event: 7.972 Thread 0x0000000013de9800 1438       3       java.lang.ClassLoader::addClass (9 bytes)
Event: 7.973 Thread 0x0000000013de9800 nmethod 1438 0x0000000002f64e10 code [0x0000000002f64f80, 0x0000000002f651a8]
Event: 8.005 Thread 0x0000000013de9800 1440       3       java.lang.StringBuilder::append (10 bytes)
Event: 8.005 Thread 0x0000000013de9800 nmethod 1440 0x0000000002f64a90 code [0x0000000002f64c00, 0x0000000002f64d88]
Event: 8.006 Thread 0x0000000013de9800 1441       1       com.google.common.io.LineReader::access$000 (5 bytes)
Event: 8.006 Thread 0x0000000013de9800 nmethod 1441 0x0000000002f647d0 code [0x0000000002f64920, 0x0000000002f64a10]

GC Heap History (2 events):
Event: 3.888 GC heap before
{Heap before GC invocations=1 (full 0):
 PSYoungGen      total 76288K, used 65536K [0x00000000f5580000, 0x00000000faa80000, 0x0000000100000000)
  eden space 65536K, 100% used [0x00000000f5580000,0x00000000f9580000,0x00000000f9580000)
  from space 10752K, 0% used [0x00000000fa000000,0x00000000fa000000,0x00000000faa80000)
  to   space 10752K, 0% used [0x00000000f9580000,0x00000000f9580000,0x00000000fa000000)
 ParOldGen       total 175104K, used 0K [0x00000000e0000000, 0x00000000eab00000, 0x00000000f5580000)
  object space 175104K, 0% used [0x00000000e0000000,0x00000000e0000000,0x00000000eab00000)
 Metaspace       used 8503K, capacity 8776K, committed 8960K, reserved 1056768K
  class space    used 1126K, capacity 1204K, committed 1280K, reserved 1048576K
Event: 3.900 GC heap after
Heap after GC invocations=1 (full 0):
 PSYoungGen      total 76288K, used 6587K [0x00000000f5580000, 0x00000000faa80000, 0x0000000100000000)
  eden space 65536K, 0% used [0x00000000f5580000,0x00000000f5580000,0x00000000f9580000)
  from space 10752K, 61% used [0x00000000f9580000,0x00000000f9beedb0,0x00000000fa000000)
  to   space 10752K, 0% used [0x00000000fa000000,0x00000000fa000000,0x00000000faa80000)
 ParOldGen       total 175104K, used 8K [0x00000000e0000000, 0x00000000eab00000, 0x00000000f5580000)
  object space 175104K, 0% used [0x00000000e0000000,0x00000000e0002000,0x00000000eab00000)
 Metaspace       used 8503K, capacity 8776K, committed 8960K, reserved 1056768K
  class space    used 1126K, capacity 1204K, committed 1280K, reserved 1048576K
}

Deoptimization events (10 events):
Event: 5.312 Thread 0x00000000028d0800 Uncommon trap: reason=unstable_if action=reinterpret pc=0x0000000002d9a390 method=java.io.WinNTFileSystem.normalize(Ljava/lang/String;II)Ljava/lang/String; @ 90
Event: 6.476 Thread 0x000000001598e000 Uncommon trap: reason=unstable_if action=reinterpret pc=0x0000000002e2e12c method=java.util.concurrent.ConcurrentHashMap.putVal(Ljava/lang/Object;Ljava/lang/Object;Z)Ljava/lang/Object; @ 206
Event: 6.600 Thread 0x0000000016074000 Uncommon trap: reason=bimorphic action=maybe_recompile pc=0x0000000002cf4a20 method=java.util.HashMap.putVal(ILjava/lang/Object;Ljava/lang/Object;ZZ)Ljava/lang/Object; @ 253
Event: 6.601 Thread 0x0000000016074000 Uncommon trap: reason=bimorphic action=maybe_recompile pc=0x0000000002cf4a20 method=java.util.HashMap.putVal(ILjava/lang/Object;Ljava/lang/Object;ZZ)Ljava/lang/Object; @ 253
Event: 6.601 Thread 0x0000000016074000 Uncommon trap: reason=bimorphic action=maybe_recompile pc=0x0000000002cf4a20 method=java.util.HashMap.putVal(ILjava/lang/Object;Ljava/lang/Object;ZZ)Ljava/lang/Object; @ 253
Event: 7.155 Thread 0x0000000016074000 Uncommon trap: reason=class_check action=maybe_recompile pc=0x0000000002d2fd18 method=java.util.regex.Matcher.match(II)Z @ 86
Event: 7.198 Thread 0x0000000016074000 Uncommon trap: reason=class_check action=maybe_recompile pc=0x0000000002d2fd18 method=java.util.regex.Matcher.match(II)Z @ 86
Event: 7.199 Thread 0x0000000016074000 Uncommon trap: reason=class_check action=maybe_recompile pc=0x0000000002d2fd18 method=java.util.regex.Matcher.match(II)Z @ 86
Event: 7.199 Thread 0x0000000016074000 Uncommon trap: reason=class_check action=maybe_recompile pc=0x0000000002cfc1dc method=java.util.regex.Matcher.match(II)Z @ 86
Event: 7.969 Thread 0x0000000016074000 Uncommon trap: reason=unstable_if action=reinterpret pc=0x0000000002e2aa34 method=java.lang.String.lastIndexOf([CII[CIII)I @ 66

Internal exceptions (10 events):
Event: 6.478 Thread 0x000000001598e000 Exception <a 'java/lang/NoSuchMethodError': <clinit>> (0x00000000f64194e0) thrown at [C:\re\workspace\8-2-build-windows-amd64-cygwin\jdk8u131\8869\hotspot\src\share\vm\prims\jni.cpp, line 1613]
Event: 6.494 Thread 0x000000001598e000 Exception <a 'java/lang/NoSuchMethodError': <clinit>> (0x00000000f642e1b0) thrown at [C:\re\workspace\8-2-build-windows-amd64-cygwin\jdk8u131\8869\hotspot\src\share\vm\prims\jni.cpp, line 1613]
Event: 6.497 Thread 0x000000001598e000 Exception <a 'java/lang/NoSuchMethodError': <clinit>> (0x00000000f64410d0) thrown at [C:\re\workspace\8-2-build-windows-amd64-cygwin\jdk8u131\8869\hotspot\src\share\vm\prims\jni.cpp, line 1613]
Event: 6.501 Thread 0x000000001598e000 Exception <a 'java/lang/NoSuchMethodError': <clinit>> (0x00000000f6467ed0) thrown at [C:\re\workspace\8-2-build-windows-amd64-cygwin\jdk8u131\8869\hotspot\src\share\vm\prims\jni.cpp, line 1613]
Event: 6.504 Thread 0x000000001598e000 Exception <a 'java/lang/NoSuchMethodError': <clinit>> (0x00000000f647fac8) thrown at [C:\re\workspace\8-2-build-windows-amd64-cygwin\jdk8u131\8869\hotspot\src\share\vm\prims\jni.cpp, line 1613]
Event: 6.505 Thread 0x000000001598e000 Exception <a 'java/lang/NoSuchMethodError': <clinit>> (0x00000000f6488590) thrown at [C:\re\workspace\8-2-build-windows-amd64-cygwin\jdk8u131\8869\hotspot\src\share\vm\prims\jni.cpp, line 1613]
Event: 6.508 Thread 0x000000001598e000 Exception <a 'java/lang/NoSuchMethodError': <clinit>> (0x00000000f649e758) thrown at [C:\re\workspace\8-2-build-windows-amd64-cygwin\jdk8u131\8869\hotspot\src\share\vm\prims\jni.cpp, line 1613]
Event: 6.542 Thread 0x000000001598e000 Exception <a 'java/lang/NoSuchMethodError': <clinit>> (0x00000000f6504fa0) thrown at [C:\re\workspace\8-2-build-windows-amd64-cygwin\jdk8u131\8869\hotspot\src\share\vm\prims\jni.cpp, line 1613]
Event: 6.548 Thread 0x000000001598e000 Exception <a 'java/lang/NoSuchMethodError': <clinit>> (0x00000000f6531028) thrown at [C:\re\workspace\8-2-build-windows-amd64-cygwin\jdk8u131\8869\hotspot\src\share\vm\prims\jni.cpp, line 1613]
Event: 6.553 Thread 0x000000001598e000 Exception <a 'java/lang/NoSuchMethodError': <clinit>> (0x00000000f654da08) thrown at [C:\re\workspace\8-2-build-windows-amd64-cygwin\jdk8u131\8869\hotspot\src\share\vm\prims\jni.cpp, line 1613]

Events (10 events):
Event: 8.010 loading class org/apache/commons/lang/StringUtils
Event: 8.010 loading class org/apache/commons/lang/StringUtils done
Event: 8.064 loading class com/google/common/base/Splitter
Event: 8.064 loading class com/google/common/base/Splitter done
Event: 8.076 loading class com/google/common/base/Splitter$Strategy
Event: 8.076 loading class com/google/common/base/Splitter$Strategy done
Event: 8.076 loading class com/google/common/base/CharMatcher
Event: 8.076 loading class com/google/common/base/CharMatcher done
Event: 8.078 loading class com/google/common/base/CharMatcher$Digit
Event: 8.078 loading class com/google/common/base/CharMatcher$Digit done


Dynamic libraries:
0x00007ff785bf0000 - 0x00007ff785c27000 	C:\Program Files\Java\jdk1.8.0_131\bin\java.exe
0x00007ff8b3760000 - 0x00007ff8b3950000 	C:\WINDOWS\SYSTEM32\ntdll.dll
0x00007ff8b33f0000 - 0x00007ff8b34a2000 	C:\WINDOWS\System32\KERNEL32.DLL
0x00007ff8b0cc0000 - 0x00007ff8b0f63000 	C:\WINDOWS\System32\KERNELBASE.dll
0x00007ff8b1890000 - 0x00007ff8b1933000 	C:\WINDOWS\System32\ADVAPI32.dll
0x00007ff8b19c0000 - 0x00007ff8b1a5e000 	C:\WINDOWS\System32\msvcrt.dll
0x00007ff8b1ea0000 - 0x00007ff8b1f37000 	C:\WINDOWS\System32\sechost.dll
0x00007ff8b1a90000 - 0x00007ff8b1bb0000 	C:\WINDOWS\System32\RPCRT4.dll
0x00007ff8b2210000 - 0x00007ff8b23a4000 	C:\WINDOWS\System32\USER32.dll
0x00007ff8b0720000 - 0x00007ff8b0741000 	C:\WINDOWS\System32\win32u.dll
0x00007ff8b1a60000 - 0x00007ff8b1a86000 	C:\WINDOWS\System32\GDI32.dll
0x00007ff8b0b20000 - 0x00007ff8b0cb4000 	C:\WINDOWS\System32\gdi32full.dll
0x00007ff8b0930000 - 0x00007ff8b09ce000 	C:\WINDOWS\System32\msvcp_win.dll
0x00007ff8b07d0000 - 0x00007ff8b08ca000 	C:\WINDOWS\System32\ucrtbase.dll
0x00007ff8a3fa0000 - 0x00007ff8a4225000 	C:\WINDOWS\WinSxS\amd64_microsoft.windows.common-controls_6595b64144ccf1df_6.0.18362.476_none_e6c4b11b130f2595\COMCTL32.dll
0x00007ff8b23b0000 - 0x00007ff8b26e6000 	C:\WINDOWS\System32\combase.dll
0x00007ff8b0750000 - 0x00007ff8b07d0000 	C:\WINDOWS\System32\bcryptPrimitives.dll
0x00007ff8b1be0000 - 0x00007ff8b1c0e000 	C:\WINDOWS\System32\IMM32.DLL
0x0000000057a70000 - 0x0000000057b42000 	C:\Program Files\Java\jdk1.8.0_131\jre\bin\msvcr100.dll
0x00000000571d0000 - 0x0000000057a6c000 	C:\Program Files\Java\jdk1.8.0_131\jre\bin\server\jvm.dll
0x00007ff8b1bd0000 - 0x00007ff8b1bd8000 	C:\WINDOWS\System32\PSAPI.DLL
0x00007ff8ae230000 - 0x00007ff8ae254000 	C:\WINDOWS\SYSTEM32\WINMM.dll
0x00007ff8a4d90000 - 0x00007ff8a4d9a000 	C:\WINDOWS\SYSTEM32\VERSION.dll
0x00007ff8ae200000 - 0x00007ff8ae22d000 	C:\WINDOWS\SYSTEM32\WINMMBASE.dll
0x00007ff8a4b30000 - 0x00007ff8a4b39000 	C:\WINDOWS\SYSTEM32\WSOCK32.dll
0x00007ff8b0f90000 - 0x00007ff8b0fda000 	C:\WINDOWS\System32\cfgmgr32.dll
0x00007ff8b34c0000 - 0x00007ff8b352f000 	C:\WINDOWS\System32\WS2_32.dll
0x00000000571c0000 - 0x00000000571cf000 	C:\Program Files\Java\jdk1.8.0_131\jre\bin\verify.dll
0x0000000057190000 - 0x00000000571b9000 	C:\Program Files\Java\jdk1.8.0_131\jre\bin\java.dll
0x0000000057170000 - 0x0000000057186000 	C:\Program Files\Java\jdk1.8.0_131\jre\bin\zip.dll
0x00007ff8b2830000 - 0x00007ff8b2f15000 	C:\WINDOWS\System32\SHELL32.dll
0x00007ff8b2160000 - 0x00007ff8b2209000 	C:\WINDOWS\System32\shcore.dll
0x00007ff8b1090000 - 0x00007ff8b180e000 	C:\WINDOWS\System32\windows.storage.dll
0x00007ff8b06d0000 - 0x00007ff8b06ef000 	C:\WINDOWS\System32\profapi.dll
0x00007ff8b0660000 - 0x00007ff8b06aa000 	C:\WINDOWS\System32\powrprof.dll
0x00007ff8b0630000 - 0x00007ff8b0640000 	C:\WINDOWS\System32\UMPDC.dll
0x00007ff8b1c10000 - 0x00007ff8b1c62000 	C:\WINDOWS\System32\shlwapi.dll
0x00007ff8b0640000 - 0x00007ff8b0651000 	C:\WINDOWS\System32\kernel.appcore.dll
0x00007ff8b0f70000 - 0x00007ff8b0f87000 	C:\WINDOWS\System32\cryptsp.dll
0x0000000057150000 - 0x000000005716a000 	C:\Program Files\Java\jdk1.8.0_131\jre\bin\net.dll
0x00007ff8afe40000 - 0x00007ff8afea7000 	C:\WINDOWS\system32\mswsock.dll
0x0000000057130000 - 0x0000000057141000 	C:\Program Files\Java\jdk1.8.0_131\jre\bin\nio.dll
0x00007ff89b050000 - 0x00007ff89b076000 	C:\Users\shayan\.gradle\native\29\windows-amd64\native-platform.dll
0x0000000057120000 - 0x000000005712d000 	C:\Program Files\Java\jdk1.8.0_131\jre\bin\management.dll
0x00007ff8af9b0000 - 0x00007ff8af9e3000 	C:\WINDOWS\system32\rsaenh.dll
0x00007ff8b06f0000 - 0x00007ff8b0716000 	C:\WINDOWS\System32\bcrypt.dll
0x00007ff8b0520000 - 0x00007ff8b0545000 	C:\WINDOWS\SYSTEM32\USERENV.dll
0x00007ff8b0010000 - 0x00007ff8b001c000 	C:\WINDOWS\SYSTEM32\CRYPTBASE.dll
0x00007ff8afb50000 - 0x00007ff8afb8a000 	C:\WINDOWS\SYSTEM32\IPHLPAPI.DLL
0x00007ff8b34b0000 - 0x00007ff8b34b8000 	C:\WINDOWS\System32\NSI.dll
0x00007ff8a67b0000 - 0x00007ff8a67c6000 	C:\WINDOWS\SYSTEM32\dhcpcsvc6.DLL
0x00007ff8a69c0000 - 0x00007ff8a69dc000 	C:\WINDOWS\SYSTEM32\dhcpcsvc.DLL
0x00007ff8afb90000 - 0x00007ff8afc5a000 	C:\WINDOWS\SYSTEM32\DNSAPI.dll

VM Arguments:
jvm_args: -XX:MaxMetaspaceSize=256m -XX:+HeapDumpOnOutOfMemoryError -Xms256m -Xmx512m -Dfile.encoding=windows-1252 -Duser.country=IN -Duser.language=en -Duser.variant 
java_command: org.gradle.launcher.daemon.bootstrap.GradleDaemon 5.4.1
java_class_path (initial): C:\Users\shayan\.gradle\wrapper\dists\gradle-5.4.1-all\3221gyojl5jsh0helicew7rwx\gradle-5.4.1\lib\gradle-launcher-5.4.1.jar
Launcher Type: SUN_STANDARD

Environment Variables:
JAVA_HOME=C:\Program Files\Java\jdk1.8.0_131
PATH=C:\ProgramData\Oracle\Java\javapath;C:\WINDOWS\system32;C:\WINDOWS;C:\WINDOWS\System32\Wbem;C:\WINDOWS\System32\WindowsPowerShell\v1.0\;C:\Users\shayan\Downloads\Compressed\apache-maven-3.5.2-bin\bin;C:\Program Files\PuTTY\;C:\Program Files\Git\cmd;C:\WINDOWS\System32\OpenSSH\;C:\Program Files\Microsoft VS Code\bin;C:\Program Files\nodejs\;C:\Program Files (x86)\Skype\Phone\;C:\Users\shayan\AppData\Local\Microsoft\WindowsApps;C:\Program Files\Microsoft VS Code\bin;C:\Users\shayan\AppData\Roaming\npm;
USERNAME=shayan
OS=Windows_NT
PROCESSOR_IDENTIFIER=Intel64 Family 6 Model 61 Stepping 4, GenuineIntel



---------------  S Y S T E M  ---------------

OS: Windows 10.0 , 64 bit Build 18362 (10.0.18362.329)

CPU:total 4 (initial active 4) (2 cores per cpu, 2 threads per core) family 6 model 61 stepping 4, cmov, cx8, fxsr, mmx, sse, sse2, sse3, ssse3, sse4.1, sse4.2, popcnt, avx, avx2, aes, clmul, erms, 3dnowpref, lzcnt, ht, tsc, tscinvbit, bmi1, bmi2, adx

Memory: 4k page, physical 8297884k(554376k free), swap 10755484k(5120k free)

vm_info: Java HotSpot(TM) 64-Bit Server VM (25.131-b11) for windows-amd64 JRE (1.8.0_131-b11), built on Mar 15 2017 01:23:53 by "java_re" with MS VC++ 10.0 (VS2010)

time: Sat Nov 30 19:31:34 2019
elapsed time: 8 seconds (0d 0h 0m 8s)

