#
# There is insufficient memory for the Java Runtime Environment to continue.
# Native memory allocation (malloc) failed to allocate 79216 bytes for Chunk::new
# Possible reasons:
#   The system is out of physical RAM or swap space
#   In 32 bit mode, the process size limit was hit
# Possible solutions:
#   Reduce memory load on the system
#   Increase physical memory or swap space
#   Check if swap backing store is full
#   Use 64 bit Java on a 64 bit OS
#   Decrease Java heap size (-Xmx/-Xms)
#   Decrease number of Java threads
#   Decrease Java thread stack sizes (-Xss)
#   Set larger code cache with -XX:ReservedCodeCacheSize=
# This output file may be truncated or incomplete.
#
#  Out of Memory Error (allocation.cpp:390), pid=12104, tid=0x0000000000002350
#
# JRE version: Java(TM) SE Runtime Environment (8.0_131-b11) (build 1.8.0_131-b11)
# Java VM: Java HotSpot(TM) 64-Bit Server VM (25.131-b11 mixed mode windows-amd64 compressed oops)
# Failed to write core dump. Minidumps are not enabled by default on client versions of Windows
#

---------------  T H R E A D  ---------------

Current thread (0x0000000017f4d800):  JavaThread "C2 CompilerThread1" daemon [_thread_in_native, id=9040, stack(0x0000000019690000,0x0000000019790000)]

Stack: [0x0000000019690000,0x0000000019790000]
[error occurred during error reporting (printing stack bounds), id 0xc0000005]

Native frames: (J=compiled Java code, j=interpreted, Vv=VM code, C=native code)


Current CompileTask:
C2:   1902 1324       4       java.lang.String::replace (127 bytes)


---------------  P R O C E S S  ---------------

Java Threads: ( => current thread )
  0x00000000198c5000 JavaThread "Service Thread" daemon [_thread_blocked, id=1152, stack(0x0000000019c90000,0x0000000019d90000)]
  0x0000000017f5c000 JavaThread "C1 CompilerThread2" daemon [_thread_blocked, id=3044, stack(0x0000000019790000,0x0000000019890000)]
=>0x0000000017f4d800 JavaThread "C2 CompilerThread1" daemon [_thread_in_native, id=9040, stack(0x0000000019690000,0x0000000019790000)]
  0x0000000017f48000 JavaThread "C2 CompilerThread0" daemon [_thread_in_native, id=12148, stack(0x0000000019590000,0x0000000019690000)]
  0x0000000017f46800 JavaThread "Attach Listener" daemon [_thread_blocked, id=11292, stack(0x0000000019490000,0x0000000019590000)]
  0x0000000017f43800 JavaThread "Signal Dispatcher" daemon [_thread_blocked, id=8236, stack(0x0000000019390000,0x0000000019490000)]
  0x0000000017f30000 JavaThread "Finalizer" daemon [_thread_blocked, id=11900, stack(0x0000000019190000,0x0000000019290000)]
  0x00000000033d9800 JavaThread "Reference Handler" daemon [_thread_blocked, id=12284, stack(0x0000000019090000,0x0000000019190000)]
  0x00000000032ea800 JavaThread "main" [_thread_in_native, id=10404, stack(0x0000000003120000,0x0000000003220000)]

Other Threads:
  0x0000000017f07800 VMThread [stack: 0x0000000018f90000,0x0000000019090000] [id=11088]
  0x00000000198e8000 WatcherThread [stack: 0x0000000019d90000,0x0000000019e90000] [id=8828]

VM state:not at safepoint (normal execution)

VM Mutex/Monitor currently owned by a thread: None

Heap:
 PSYoungGen      total 38400K, used 19498K [0x00000000d5d00000, 0x00000000d9000000, 0x0000000100000000)
  eden space 33280K, 43% used [0x00000000d5d00000,0x00000000d6b0bf20,0x00000000d7d80000)
  from space 5120K, 99% used [0x00000000d8280000,0x00000000d877e8e0,0x00000000d8780000)
  to   space 5120K, 0% used [0x00000000d7d80000,0x00000000d7d80000,0x00000000d8280000)
 ParOldGen       total 62464K, used 5244K [0x0000000081600000, 0x0000000085300000, 0x00000000d5d00000)
  object space 62464K, 8% used [0x0000000081600000,0x0000000081b1f270,0x0000000085300000)
 Metaspace       used 14369K, capacity 14662K, committed 14976K, reserved 1064960K
  class space    used 1706K, capacity 1807K, committed 1920K, reserved 1048576K

Card table byte_map: [0x00000000127a0000,0x0000000012ba0000] byte_map_base: 0x0000000012395000

Marking Bits: (ParMarkBitMap*) 0x00000000579ec720
 Begin Bits: [0x0000000013250000, 0x00000000151f8000)
 End Bits:   [0x00000000151f8000, 0x00000000171a0000)

Polling page: 0x0000000000ff0000

CodeCache: size=245760Kb used=4189Kb max_used=4201Kb free=241570Kb
 bounds [0x00000000033e0000, 0x0000000003800000, 0x00000000123e0000]
 total_blobs=1720 nmethods=1351 adapters=281
 compilation: enabled

Compilation events (10 events):
Event: 1.803 Thread 0x0000000017f48000 1320       4       java.util.ArrayList::ensureCapacityInternal (23 bytes)
Event: 1.803 Thread 0x0000000017f5c000 1321       3       kotlin.collections.CollectionsKt__CollectionsJVMKt::listOf (11 bytes)
Event: 1.804 Thread 0x0000000017f5c000 nmethod 1321 0x00000000037e8bd0 code [0x00000000037e8d60, 0x00000000037e9128]
Event: 1.804 Thread 0x0000000017f5c000 1322       3       java.util.ArrayList::addAll (54 bytes)
Event: 1.804 Thread 0x0000000017f5c000 nmethod 1322 0x00000000037e8190 code [0x00000000037e8340, 0x00000000037e89a8]
Event: 1.805 Thread 0x0000000017f5c000 1323       1       kotlin.Pair::component2 (5 bytes)
Event: 1.805 Thread 0x0000000017f5c000 nmethod 1323 0x00000000037dde90 code [0x00000000037ddfe0, 0x00000000037de0f0]
Event: 1.806 Thread 0x0000000017f4d800 nmethod 1319 0x00000000037e6790 code [0x00000000037e68e0, 0x00000000037e6b38]
Event: 1.807 Thread 0x0000000017f48000 nmethod 1320 0x00000000037ea710 code [0x00000000037ea860, 0x00000000037eaad8]
Event: 1.808 Thread 0x0000000017f4d800 1324       4       java.lang.String::replace (127 bytes)

GC Heap History (6 events):
Event: 0.565 GC heap before
{Heap before GC invocations=1 (full 0):
 PSYoungGen      total 38400K, used 10057K [0x00000000d5d00000, 0x00000000d8780000, 0x0000000100000000)
  eden space 33280K, 30% used [0x00000000d5d00000,0x00000000d66d2568,0x00000000d7d80000)
  from space 5120K, 0% used [0x00000000d8280000,0x00000000d8280000,0x00000000d8780000)
  to   space 5120K, 0% used [0x00000000d7d80000,0x00000000d7d80000,0x00000000d8280000)
 ParOldGen       total 87552K, used 0K [0x0000000081600000, 0x0000000086b80000, 0x00000000d5d00000)
  object space 87552K, 0% used [0x0000000081600000,0x0000000081600000,0x0000000086b80000)
 Metaspace       used 5920K, capacity 6510K, committed 6656K, reserved 1060864K
  class space    used 601K, capacity 669K, committed 768K, reserved 1048576K
Event: 0.569 GC heap after
Heap after GC invocations=1 (full 0):
 PSYoungGen      total 38400K, used 2319K [0x00000000d5d00000, 0x00000000d8780000, 0x0000000100000000)
  eden space 33280K, 0% used [0x00000000d5d00000,0x00000000d5d00000,0x00000000d7d80000)
  from space 5120K, 45% used [0x00000000d7d80000,0x00000000d7fc3e50,0x00000000d8280000)
  to   space 5120K, 0% used [0x00000000d8280000,0x00000000d8280000,0x00000000d8780000)
 ParOldGen       total 87552K, used 8K [0x0000000081600000, 0x0000000086b80000, 0x00000000d5d00000)
  object space 87552K, 0% used [0x0000000081600000,0x0000000081602000,0x0000000086b80000)
 Metaspace       used 5920K, capacity 6510K, committed 6656K, reserved 1060864K
  class space    used 601K, capacity 669K, committed 768K, reserved 1048576K
}
Event: 0.569 GC heap before
{Heap before GC invocations=2 (full 1):
 PSYoungGen      total 38400K, used 2319K [0x00000000d5d00000, 0x00000000d8780000, 0x0000000100000000)
  eden space 33280K, 0% used [0x00000000d5d00000,0x00000000d5d00000,0x00000000d7d80000)
  from space 5120K, 45% used [0x00000000d7d80000,0x00000000d7fc3e50,0x00000000d8280000)
  to   space 5120K, 0% used [0x00000000d8280000,0x00000000d8280000,0x00000000d8780000)
 ParOldGen       total 87552K, used 8K [0x0000000081600000, 0x0000000086b80000, 0x00000000d5d00000)
  object space 87552K, 0% used [0x0000000081600000,0x0000000081602000,0x0000000086b80000)
 Metaspace       used 5920K, capacity 6510K, committed 6656K, reserved 1060864K
  class space    used 601K, capacity 669K, committed 768K, reserved 1048576K
Event: 0.586 GC heap after
Heap after GC invocations=2 (full 1):
 PSYoungGen      total 38400K, used 0K [0x00000000d5d00000, 0x00000000d8780000, 0x0000000100000000)
  eden space 33280K, 0% used [0x00000000d5d00000,0x00000000d5d00000,0x00000000d7d80000)
  from space 5120K, 0% used [0x00000000d7d80000,0x00000000d7d80000,0x00000000d8280000)
  to   space 5120K, 0% used [0x00000000d8280000,0x00000000d8280000,0x00000000d8780000)
 ParOldGen       total 62464K, used 2106K [0x0000000081600000, 0x0000000085300000, 0x00000000d5d00000)
  object space 62464K, 3% used [0x0000000081600000,0x000000008180eaf8,0x0000000085300000)
 Metaspace       used 5920K, capacity 6510K, committed 6656K, reserved 1058816K
  class space    used 601K, capacity 669K, committed 768K, reserved 1048576K
}
Event: 1.491 GC heap before
{Heap before GC invocations=3 (full 1):
 PSYoungGen      total 38400K, used 33280K [0x00000000d5d00000, 0x00000000d8780000, 0x0000000100000000)
  eden space 33280K, 100% used [0x00000000d5d00000,0x00000000d7d80000,0x00000000d7d80000)
  from space 5120K, 0% used [0x00000000d7d80000,0x00000000d7d80000,0x00000000d8280000)
  to   space 5120K, 0% used [0x00000000d8280000,0x00000000d8280000,0x00000000d8780000)
 ParOldGen       total 62464K, used 2106K [0x0000000081600000, 0x0000000085300000, 0x00000000d5d00000)
  object space 62464K, 3% used [0x0000000081600000,0x000000008180eaf8,0x0000000085300000)
 Metaspace       used 11237K, capacity 11454K, committed 11648K, reserved 1062912K
  class space    used 1283K, capacity 1357K, committed 1408K, reserved 1048576K
Event: 1.502 GC heap after
Heap after GC invocations=3 (full 1):
 PSYoungGen      total 38400K, used 5114K [0x00000000d5d00000, 0x00000000d9000000, 0x0000000100000000)
  eden space 33280K, 0% used [0x00000000d5d00000,0x00000000d5d00000,0x00000000d7d80000)
  from space 5120K, 99% used [0x00000000d8280000,0x00000000d877e8e0,0x00000000d8780000)
  to   space 5120K, 0% used [0x00000000d7d80000,0x00000000d7d80000,0x00000000d8280000)
 ParOldGen       total 62464K, used 5244K [0x0000000081600000, 0x0000000085300000, 0x00000000d5d00000)
  object space 62464K, 8% used [0x0000000081600000,0x0000000081b1f270,0x0000000085300000)
 Metaspace       used 11237K, capacity 11454K, committed 11648K, reserved 1062912K
  class space    used 1283K, capacity 1357K, committed 1408K, reserved 1048576K
}

Deoptimization events (8 events):
Event: 0.852 Thread 0x00000000032ea800 Uncommon trap: reason=unstable_if action=reinterpret pc=0x00000000035e3d4c method=sun.misc.MetaIndex.mayContain(Ljava/lang/String;)Z @ 13
Event: 0.853 Thread 0x00000000032ea800 Uncommon trap: reason=unstable_if action=reinterpret pc=0x00000000035b8144 method=sun.misc.MetaIndex.mayContain(Ljava/lang/String;)Z @ 13
Event: 0.951 Thread 0x00000000032ea800 Uncommon trap: reason=null_check action=make_not_entrant pc=0x0000000003560b38 method=java.lang.String.equals(Ljava/lang/Object;)Z @ 8
Event: 1.062 Thread 0x00000000032ea800 Uncommon trap: reason=unstable_if action=reinterpret pc=0x00000000035985d8 method=java.lang.String.indexOf([CII[CIII)I @ 134
Event: 1.135 Thread 0x00000000032ea800 Uncommon trap: reason=unstable_if action=reinterpret pc=0x0000000003649be8 method=kotlin.reflect.jvm.internal.impl.protobuf.CodedInputStream.readRawVarint32()I @ 10
Event: 1.612 Thread 0x00000000032ea800 Uncommon trap: reason=unstable_if action=reinterpret pc=0x0000000003637208 method=java.lang.String.<init>([CII)V @ 18
Event: 1.659 Thread 0x00000000032ea800 Uncommon trap: reason=unstable_if action=reinterpret pc=0x00000000035c5f38 method=java.lang.String.<init>([CII)V @ 18
Event: 1.662 Thread 0x00000000032ea800 Uncommon trap: reason=unstable_if action=reinterpret pc=0x000000000356f930 method=java.lang.String.replace(CC)Ljava/lang/String; @ 2

Internal exceptions (10 events):
Event: 0.050 Thread 0x00000000032ea800 Exception <a 'java/lang/NoSuchMethodError': Method sun.misc.Unsafe.prefetchRead(Ljava/lang/Object;J)V name or signature does not match> (0x00000000d5d07f90) thrown at [C:\re\workspace\8-2-build-windows-amd64-cygwin\jdk8u131\8869\hotspot\src\share\vm\prims
Event: 0.326 Thread 0x00000000032ea800 Exception <a 'java/lang/NoSuchFieldError': method resolution failed> (0x00000000d60c1e78) thrown at [C:\re\workspace\8-2-build-windows-amd64-cygwin\jdk8u131\8869\hotspot\src\share\vm\prims\methodHandles.cpp, line 1146]
Event: 0.329 Thread 0x00000000032ea800 Exception <a 'java/lang/NoSuchFieldError': method resolution failed> (0x00000000d60cf278) thrown at [C:\re\workspace\8-2-build-windows-amd64-cygwin\jdk8u131\8869\hotspot\src\share\vm\prims\methodHandles.cpp, line 1146]
Event: 0.853 Thread 0x00000000032ea800 Exception <a 'java/security/PrivilegedActionException'> (0x00000000d64c0ce8) thrown at [C:\re\workspace\8-2-build-windows-amd64-cygwin\jdk8u131\8869\hotspot\src\share\vm\prims\jvm.cpp, line 1390]
Event: 0.853 Thread 0x00000000032ea800 Exception <a 'java/security/PrivilegedActionException'> (0x00000000d64c12c8) thrown at [C:\re\workspace\8-2-build-windows-amd64-cygwin\jdk8u131\8869\hotspot\src\share\vm\prims\jvm.cpp, line 1390]
Event: 0.854 Thread 0x00000000032ea800 Exception <a 'java/security/PrivilegedActionException'> (0x00000000d64c5978) thrown at [C:\re\workspace\8-2-build-windows-amd64-cygwin\jdk8u131\8869\hotspot\src\share\vm\prims\jvm.cpp, line 1390]
Event: 0.854 Thread 0x00000000032ea800 Exception <a 'java/security/PrivilegedActionException'> (0x00000000d64c5f58) thrown at [C:\re\workspace\8-2-build-windows-amd64-cygwin\jdk8u131\8869\hotspot\src\share\vm\prims\jvm.cpp, line 1390]
Event: 0.951 Thread 0x00000000032ea800 Implicit null exception at 0x0000000003560962 to 0x0000000003560b29
Event: 1.076 Thread 0x00000000032ea800 Exception <a 'java/lang/ArrayIndexOutOfBoundsException'> (0x00000000d6e015d0) thrown at [C:\re\workspace\8-2-build-windows-amd64-cygwin\jdk8u131\8869\hotspot\src\share\vm\runtime\sharedRuntime.cpp, line 605]
Event: 1.340 Thread 0x00000000032ea800 Exception <a 'java/lang/ArrayIndexOutOfBoundsException'> (0x00000000d7788790) thrown at [C:\re\workspace\8-2-build-windows-amd64-cygwin\jdk8u131\8869\hotspot\src\share\vm\runtime\sharedRuntime.cpp, line 605]

Events (10 events):
Event: 1.808 loading class org/jetbrains/kotlin/cli/common/CreatePhaseConfigKt$createPhaseConfig$afterValidateSet$1
Event: 1.808 loading class org/jetbrains/kotlin/cli/common/CreatePhaseConfigKt$createPhaseConfig$afterValidateSet$1 done
Event: 1.809 loading class org/jetbrains/kotlin/cli/common/CreatePhaseConfigKt$createPhaseConfig$bothValidateSet$1
Event: 1.809 loading class org/jetbrains/kotlin/cli/common/CreatePhaseConfigKt$createPhaseConfig$bothValidateSet$1 done
Event: 1.810 loading class org/jetbrains/kotlin/backend/common/phaser/PhaseConfig
Event: 1.810 loading class org/jetbrains/kotlin/backend/common/phaser/PhaseConfig done
Event: 1.811 loading class kotlin/collections/ArraysKt___ArraysKt$asIterable$$inlined$Iterable$1
Event: 1.811 loading class kotlin/collections/ArraysKt___ArraysKt$asIterable$$inlined$Iterable$1 done
Event: 1.812 loading class kotlin/collections/ArrayAsCollection
Event: 1.812 loading class kotlin/collections/ArrayAsCollection done


Dynamic libraries:
0x00007ff6e2cb0000 - 0x00007ff6e2ce7000 	C:\Program Files\Java\jdk1.8.0_131\jre\bin\java.exe
0x00007ff8b3760000 - 0x00007ff8b3950000 	C:\WINDOWS\SYSTEM32\ntdll.dll
0x00007ff8b33f0000 - 0x00007ff8b34a2000 	C:\WINDOWS\System32\KERNEL32.DLL
0x00007ff8b0cc0000 - 0x00007ff8b0f63000 	C:\WINDOWS\System32\KERNELBASE.dll
0x00007ff8b1890000 - 0x00007ff8b1933000 	C:\WINDOWS\System32\ADVAPI32.dll
0x00007ff8b19c0000 - 0x00007ff8b1a5e000 	C:\WINDOWS\System32\msvcrt.dll
0x00007ff8b1ea0000 - 0x00007ff8b1f37000 	C:\WINDOWS\System32\sechost.dll
0x00007ff8b1a90000 - 0x00007ff8b1bb0000 	C:\WINDOWS\System32\RPCRT4.dll
0x00007ff8b2210000 - 0x00007ff8b23a4000 	C:\WINDOWS\System32\USER32.dll
0x00007ff8b0720000 - 0x00007ff8b0741000 	C:\WINDOWS\System32\win32u.dll
0x00007ff8b1a60000 - 0x00007ff8b1a86000 	C:\WINDOWS\System32\GDI32.dll
0x00007ff8b0b20000 - 0x00007ff8b0cb4000 	C:\WINDOWS\System32\gdi32full.dll
0x00007ff8b0930000 - 0x00007ff8b09ce000 	C:\WINDOWS\System32\msvcp_win.dll
0x00007ff8b07d0000 - 0x00007ff8b08ca000 	C:\WINDOWS\System32\ucrtbase.dll
0x00007ff8a3fa0000 - 0x00007ff8a4225000 	C:\WINDOWS\WinSxS\amd64_microsoft.windows.common-controls_6595b64144ccf1df_6.0.18362.476_none_e6c4b11b130f2595\COMCTL32.dll
0x00007ff8b23b0000 - 0x00007ff8b26e6000 	C:\WINDOWS\System32\combase.dll
0x00007ff8b0750000 - 0x00007ff8b07d0000 	C:\WINDOWS\System32\bcryptPrimitives.dll
0x00007ff8b1be0000 - 0x00007ff8b1c0e000 	C:\WINDOWS\System32\IMM32.DLL
0x0000000057a70000 - 0x0000000057b42000 	C:\Program Files\Java\jdk1.8.0_131\jre\bin\msvcr100.dll
0x00000000571d0000 - 0x0000000057a6c000 	C:\Program Files\Java\jdk1.8.0_131\jre\bin\server\jvm.dll
0x00007ff8b1bd0000 - 0x00007ff8b1bd8000 	C:\WINDOWS\System32\PSAPI.DLL
0x00007ff8a4d90000 - 0x00007ff8a4d9a000 	C:\WINDOWS\SYSTEM32\VERSION.dll
0x00007ff8ae230000 - 0x00007ff8ae254000 	C:\WINDOWS\SYSTEM32\WINMM.dll
0x00007ff8a4b30000 - 0x00007ff8a4b39000 	C:\WINDOWS\SYSTEM32\WSOCK32.dll
0x00007ff8b34c0000 - 0x00007ff8b352f000 	C:\WINDOWS\System32\WS2_32.dll
0x00007ff8ae200000 - 0x00007ff8ae22d000 	C:\WINDOWS\SYSTEM32\winmmbase.dll
0x00007ff8b0f90000 - 0x00007ff8b0fda000 	C:\WINDOWS\System32\cfgmgr32.dll
0x00000000571c0000 - 0x00000000571cf000 	C:\Program Files\Java\jdk1.8.0_131\jre\bin\verify.dll
0x0000000057190000 - 0x00000000571b9000 	C:\Program Files\Java\jdk1.8.0_131\jre\bin\java.dll
0x0000000057170000 - 0x0000000057186000 	C:\Program Files\Java\jdk1.8.0_131\jre\bin\zip.dll
0x00007ff8b2830000 - 0x00007ff8b2f15000 	C:\WINDOWS\System32\SHELL32.dll
0x00007ff8b2160000 - 0x00007ff8b2209000 	C:\WINDOWS\System32\shcore.dll
0x00007ff8b1090000 - 0x00007ff8b180e000 	C:\WINDOWS\System32\windows.storage.dll
0x00007ff8b06d0000 - 0x00007ff8b06ef000 	C:\WINDOWS\System32\profapi.dll
0x00007ff8b0660000 - 0x00007ff8b06aa000 	C:\WINDOWS\System32\powrprof.dll
0x00007ff8b0630000 - 0x00007ff8b0640000 	C:\WINDOWS\System32\UMPDC.dll
0x00007ff8b1c10000 - 0x00007ff8b1c62000 	C:\WINDOWS\System32\shlwapi.dll
0x00007ff8b0640000 - 0x00007ff8b0651000 	C:\WINDOWS\System32\kernel.appcore.dll
0x00007ff8b0f70000 - 0x00007ff8b0f87000 	C:\WINDOWS\System32\cryptsp.dll

VM Arguments:
java_command: org.jetbrains.kotlin.cli.jvm.K2JVMCompiler -Xallow-no-source-files -classpath C:\Users\shayan\.gradle\caches\modules-2\files-2.1\org.jetbrains.kotlin\kotlin-android-extensions-runtime\1.3.50\bec16087637a7cafe54894e73d38037977cb30d2\kotlin-android-extensions-runtime-1.3.50.jar;C:\Users\shayan\.gradle\caches\modules-2\files-2.1\org.jetbrains.kotlin\kotlin-stdlib-jdk7\1.3.50\50ad05ea1c2595fb31b800e76db464d08d599af3\kotlin-stdlib-jdk7-1.3.50.jar;C:\Users\shayan\.gradle\caches\transforms-2\files-2.1\b45ac6bc9b8d92a22e4e905e5139e1f4\core-ktx-1.1.0-api.jar;C:\Users\shayan\.gradle\caches\modules-2\files-2.1\org.jetbrains.kotlin\kotlin-stdlib\1.3.50\b529d1738c7e98bbfa36a4134039528f2ce78ebf\kotlin-stdlib-1.3.50.jar;C:\Users\shayan\.gradle\caches\modules-2\files-2.1\org.jetbrains.kotlin\kotlin-stdlib-common\1.3.50\3d9cd3e1bc7b92e95f43d45be3bfbcf38e36ab87\kotlin-stdlib-common-1.3.50.jar;C:\Users\shayan\.gradle\caches\modules-2\files-2.1\org.jetbrains\annotations\13.0\919f0dfe192fb4e063e7dacadee7f8bb9a2672a9\annotations-13.0.jar;C:\Users\shayan\.gradle\caches\transforms-2\files-2.1\b31487d4183ab8e3ce1aacbea123e3bc\material-1.0.0-api.jar;C:\Users\shayan\.gradle\caches\transforms-2\files-2.1\de54a495b5e352a48e76a1729b0efb28\jetified-dagger-android-support-2.13-api.jar;C:\Users\shayan\.gradle\caches\transforms-2\files-2.1\030fce577f266572cfe590c57ed3b736\appcompat-1.1.0-api.jar;C:\Users\shayan\.gradle\caches\transforms-2\files-2.1\dfef0380a3c9cb498f787e8ee6914794\jetified-okhttp3-integration-4.4.0.jar;C:\Users\shayan\.gradle\caches\transforms-2\files-2.1\8168d68a9a06dde50ef357899a3ef64c\jetified-dagger-android-2.15-api.jar;C:\Users\shayan\.gradle\caches\transforms-2\files-2.1\8bb302a4743c63011bd0c04bd16a8b7a\jetified-glide-4.9.0-api.jar;C:\Users\shayan\.gradle\caches\transforms-2\files-2.1\8b29f0ead22483b1692813bae0ed9f88\lifecycle-extensions-2.1.0-api.jar;C:\Users\shayan\.gradle\caches\transforms-2\files-2.1\205994c5c576ef40c272803a097dcbdd\jetified-recyclerviewfas
java_class_path (initial): C:\Users\shayan\.gradle\caches\modules-2\files-2.1\org.jetbrains.kotlin\kotlin-compiler-embeddable\1.3.50\1251c1768e5769b06c2487d6f6cf8acf6efb8960\kotlin-compiler-embeddable-1.3.50.jar;C:\Users\shayan\.gradle\caches\modules-2\files-2.1\org.jetbrains.kotlin\kotlin-reflect\1.3.50\b499f22fd7c3e9c2e5b6c4005221fa47fc7f9a7a\kotlin-reflect-1.3.50.jar;C:\Users\shayan\.gradle\caches\modules-2\files-2.1\org.jetbrains.kotlin\kotlin-stdlib\1.3.50\b529d1738c7e98bbfa36a4134039528f2ce78ebf\kotlin-stdlib-1.3.50.jar;C:\Users\shayan\.gradle\caches\modules-2\files-2.1\org.jetbrains.kotlin\kotlin-script-runtime\1.3.50\59492b8dfb92522ba0ddb5dd1c4d0ef0a4fca1af\kotlin-script-runtime-1.3.50.jar;C:\Users\shayan\.gradle\caches\modules-2\files-2.1\org.jetbrains.kotlin\kotlin-daemon-embeddable\1.3.50\5cb93bb33f4c6f833ead0beca4c831668e00cf52\kotlin-daemon-embeddable-1.3.50.jar;C:\Users\shayan\.gradle\caches\modules-2\files-2.1\org.jetbrains.intellij.deps\trove4j\1.0.20181211\216c2e14b070f334479d800987affe4054cd563f\trove4j-1.0.20181211.jar;C:\Users\shayan\.gradle\caches\modules-2\files-2.1\org.jetbrains.kotlin\kotlin-stdlib-common\1.3.50\3d9cd3e1bc7b92e95f43d45be3bfbcf38e36ab87\kotlin-stdlib-common-1.3.50.jar;C:\Users\shayan\.gradle\caches\modules-2\files-2.1\org.jetbrains\annotations\13.0\919f0dfe192fb4e063e7dacadee7f8bb9a2672a9\annotations-13.0.jar;C:\Program Files\Java\jdk1.8.0_131\lib\tools.jar
Launcher Type: SUN_STANDARD

Environment Variables:
JAVA_HOME=C:\Program Files\Java\jdk1.8.0_131
PATH=C:\ProgramData\Oracle\Java\javapath;C:\WINDOWS\system32;C:\WINDOWS;C:\WINDOWS\System32\Wbem;C:\WINDOWS\System32\WindowsPowerShell\v1.0\;C:\Users\shayan\Downloads\Compressed\apache-maven-3.5.2-bin\bin;C:\Program Files\PuTTY\;C:\Program Files\Git\cmd;C:\WINDOWS\System32\OpenSSH\;C:\Program Files\Microsoft VS Code\bin;C:\Program Files\nodejs\;C:\Program Files (x86)\Skype\Phone\;C:\Users\shayan\AppData\Local\Microsoft\WindowsApps;C:\Program Files\Microsoft VS Code\bin;C:\Users\shayan\AppData\Roaming\npm;
USERNAME=shayan
OS=Windows_NT
PROCESSOR_IDENTIFIER=Intel64 Family 6 Model 61 Stepping 4, GenuineIntel



---------------  S Y S T E M  ---------------

OS: Windows 10.0 , 64 bit Build 18362 (10.0.18362.329)

CPU:total 4 (initial active 4) (2 cores per cpu, 2 threads per core) family 6 model 61 stepping 4, cmov, cx8, fxsr, mmx, sse, sse2, sse3, ssse3, sse4.1, sse4.2, popcnt, avx, avx2, aes, clmul, erms, 3dnowpref, lzcnt, ht, tsc, tscinvbit, bmi1, bmi2, adx

Memory: 4k page, physical 8297884k(485888k free), swap 10755484k(5188k free)

vm_info: Java HotSpot(TM) 64-Bit Server VM (25.131-b11) for windows-amd64 JRE (1.8.0_131-b11), built on Mar 15 2017 01:23:53 by "java_re" with MS VC++ 10.0 (VS2010)

time: Sat Nov 30 19:16:37 2019
elapsed time: 1 seconds (0d 0h 0m 1s)

